2022/04/19-13:20:06 INFO  [main] com.jsh.erp.ErpApplication - Starting ErpApplication on DESKTOP-R5DCKKV with PID 9740 (E:\jsh-erp\demo1\boot\jshERP-boot\target\classes started by Qian in E:\jsh-erp\demo1\boot\jshERP-boot)
2022/04/19-13:20:06 DEBUG [main] com.jsh.erp.ErpApplication - Running with Spring Boot v2.0.0.RELEASE, Spring v5.0.4.RELEASE
2022/04/19-13:20:06 INFO  [main] com.jsh.erp.ErpApplication - No active profile set, falling back to default profiles: default
2022/04/19-13:20:17 INFO  [main] com.jsh.erp.ErpApplication - Started ErpApplication in 10.864 seconds (JVM running for 12.28)
2022/04/19-13:22:32 DEBUG [http-nio-9999-exec-1] com.jsh.erp.datasource.mappers.PlatformConfigMapper.selectByExample - ==>  Preparing: SELECT id, platform_key, platform_key_info, platform_value FROM jsh_platform_config WHERE (platform_key = ?) 
2022/04/19-13:22:32 DEBUG [http-nio-9999-exec-1] com.jsh.erp.datasource.mappers.PlatformConfigMapper.selectByExample - ==> Parameters: platform_name(String)
2022/04/19-13:22:32 DEBUG [http-nio-9999-exec-1] com.jsh.erp.datasource.mappers.PlatformConfigMapper.selectByExample - <==      Total: 1
2022/04/19-13:22:32 DEBUG [http-nio-9999-exec-2] com.jsh.erp.datasource.mappers.PlatformConfigMapper.selectByExample - ==>  Preparing: SELECT id, platform_key, platform_key_info, platform_value FROM jsh_platform_config WHERE (platform_key = ?) 
2022/04/19-13:22:32 DEBUG [http-nio-9999-exec-2] com.jsh.erp.datasource.mappers.PlatformConfigMapper.selectByExample - ==> Parameters: platform_url(String)
2022/04/19-13:22:32 DEBUG [http-nio-9999-exec-2] com.jsh.erp.datasource.mappers.PlatformConfigMapper.selectByExample - <==      Total: 1
2022/04/19-13:22:35 DEBUG [http-nio-9999-exec-3] com.jsh.erp.datasource.mappers.UserBusinessMapper.selectByExample - ==>  Preparing: SELECT id, type, key_id, value, btn_str, tenant_id, delete_flag FROM jsh_user_business WHERE (key_id = ? AND type = ? AND delete_flag <> ?) 
2022/04/19-13:22:35 DEBUG [http-nio-9999-exec-3] com.jsh.erp.datasource.mappers.UserBusinessMapper.selectByExample - ==> Parameters: 63(String), UserRole(String), 1(String)
2022/04/19-13:22:35 DEBUG [http-nio-9999-exec-3] com.jsh.erp.datasource.mappers.UserBusinessMapper.selectByExample - <==      Total: 1
2022/04/19-13:22:35 DEBUG [http-nio-9999-exec-3] com.jsh.erp.datasource.mappers.UserBusinessMapper.selectByExample - ==>  Preparing: SELECT id, type, key_id, value, btn_str, tenant_id, delete_flag FROM jsh_user_business WHERE (key_id = ? AND type = ? AND delete_flag <> ?) 
2022/04/19-13:22:35 DEBUG [http-nio-9999-exec-3] com.jsh.erp.datasource.mappers.UserBusinessMapper.selectByExample - ==> Parameters: 10(String), RoleFunctions(String), 1(String)
2022/04/19-13:22:35 DEBUG [http-nio-9999-exec-3] com.jsh.erp.datasource.mappers.UserBusinessMapper.selectByExample - <==      Total: 1
2022/04/19-13:22:35 DEBUG [http-nio-9999-exec-3] com.jsh.erp.datasource.mappers.FunctionMapper.selectByExample - ==>  Preparing: SELECT id, number, name, parent_number, url, component, state, sort, enabled, type, push_btn, icon, delete_flag FROM jsh_function WHERE (enabled = ? AND parent_number = ? AND delete_flag <> ?) ORDER BY Sort 
2022/04/19-13:22:35 DEBUG [http-nio-9999-exec-3] com.jsh.erp.datasource.mappers.FunctionMapper.selectByExample - ==> Parameters: true(Boolean), 0(String), 1(String)
2022/04/19-13:22:35 DEBUG [http-nio-9999-exec-3] com.jsh.erp.datasource.mappers.FunctionMapper.selectByExample - <==      Total: 9
2022/04/19-13:22:35 DEBUG [http-nio-9999-exec-3] com.jsh.erp.datasource.mappers.FunctionMapper.selectByExample - ==>  Preparing: SELECT id, number, name, parent_number, url, component, state, sort, enabled, type, push_btn, icon, delete_flag FROM jsh_function WHERE (enabled = ? AND parent_number = ? AND delete_flag <> ?) ORDER BY Sort 
2022/04/19-13:22:35 DEBUG [http-nio-9999-exec-3] com.jsh.erp.datasource.mappers.FunctionMapper.selectByExample - ==> Parameters: true(Boolean), 0401(String), 1(String)
2022/04/19-13:22:35 DEBUG [http-nio-9999-exec-3] com.jsh.erp.datasource.mappers.FunctionMapper.selectByExample - <==      Total: 2
2022/04/19-13:22:35 DEBUG [http-nio-9999-exec-3] com.jsh.erp.datasource.mappers.FunctionMapper.selectByExample - ==>  Preparing: SELECT id, number, name, parent_number, url, component, state, sort, enabled, type, push_btn, icon, delete_flag FROM jsh_function WHERE (enabled = ? AND parent_number = ? AND delete_flag <> ?) ORDER BY Sort 
2022/04/19-13:22:35 DEBUG [http-nio-9999-exec-3] com.jsh.erp.datasource.mappers.FunctionMapper.selectByExample - ==> Parameters: true(Boolean), 040102(String), 1(String)
2022/04/19-13:22:35 DEBUG [http-nio-9999-exec-3] com.jsh.erp.datasource.mappers.FunctionMapper.selectByExample - <==      Total: 0
2022/04/19-13:22:35 DEBUG [http-nio-9999-exec-3] com.jsh.erp.datasource.mappers.FunctionMapper.selectByExample - ==>  Preparing: SELECT id, number, name, parent_number, url, component, state, sort, enabled, type, push_btn, icon, delete_flag FROM jsh_function WHERE (enabled = ? AND parent_number = ? AND delete_flag <> ?) ORDER BY Sort 
2022/04/19-13:22:35 DEBUG [http-nio-9999-exec-3] com.jsh.erp.datasource.mappers.FunctionMapper.selectByExample - ==> Parameters: true(Boolean), 040104(String), 1(String)
2022/04/19-13:22:35 DEBUG [http-nio-9999-exec-3] com.jsh.erp.datasource.mappers.FunctionMapper.selectByExample - <==      Total: 0
2022/04/19-13:22:35 DEBUG [http-nio-9999-exec-3] com.jsh.erp.datasource.mappers.FunctionMapper.selectByExample - ==>  Preparing: SELECT id, number, name, parent_number, url, component, state, sort, enabled, type, push_btn, icon, delete_flag FROM jsh_function WHERE (enabled = ? AND parent_number = ? AND delete_flag <> ?) ORDER BY Sort 
2022/04/19-13:22:35 DEBUG [http-nio-9999-exec-3] com.jsh.erp.datasource.mappers.FunctionMapper.selectByExample - ==> Parameters: true(Boolean), 0502(String), 1(String)
2022/04/19-13:22:35 DEBUG [http-nio-9999-exec-3] com.jsh.erp.datasource.mappers.FunctionMapper.selectByExample - <==      Total: 3
2022/04/19-13:22:35 DEBUG [http-nio-9999-exec-3] com.jsh.erp.datasource.mappers.FunctionMapper.selectByExample - ==>  Preparing: SELECT id, number, name, parent_number, url, component, state, sort, enabled, type, push_btn, icon, delete_flag FROM jsh_function WHERE (enabled = ? AND parent_number = ? AND delete_flag <> ?) ORDER BY Sort 
2022/04/19-13:22:35 DEBUG [http-nio-9999-exec-3] com.jsh.erp.datasource.mappers.FunctionMapper.selectByExample - ==> Parameters: true(Boolean), 050202(String), 1(String)
2022/04/19-13:22:35 DEBUG [http-nio-9999-exec-3] com.jsh.erp.datasource.mappers.FunctionMapper.selectByExample - <==      Total: 0
2022/04/19-13:22:35 DEBUG [http-nio-9999-exec-3] com.jsh.erp.datasource.mappers.FunctionMapper.selectByExample - ==>  Preparing: SELECT id, number, name, parent_number, url, component, state, sort, enabled, type, push_btn, icon, delete_flag FROM jsh_function WHERE (enabled = ? AND parent_number = ? AND delete_flag <> ?) ORDER BY Sort 
2022/04/19-13:22:35 DEBUG [http-nio-9999-exec-3] com.jsh.erp.datasource.mappers.FunctionMapper.selectByExample - ==> Parameters: true(Boolean), 050201(String), 1(String)
2022/04/19-13:22:35 DEBUG [http-nio-9999-exec-3] com.jsh.erp.datasource.mappers.FunctionMapper.selectByExample - <==      Total: 0
2022/04/19-13:22:35 DEBUG [http-nio-9999-exec-3] com.jsh.erp.datasource.mappers.FunctionMapper.selectByExample - ==>  Preparing: SELECT id, number, name, parent_number, url, component, state, sort, enabled, type, push_btn, icon, delete_flag FROM jsh_function WHERE (enabled = ? AND parent_number = ? AND delete_flag <> ?) ORDER BY Sort 
2022/04/19-13:22:35 DEBUG [http-nio-9999-exec-3] com.jsh.erp.datasource.mappers.FunctionMapper.selectByExample - ==> Parameters: true(Boolean), 050204(String), 1(String)
2022/04/19-13:22:35 DEBUG [http-nio-9999-exec-3] com.jsh.erp.datasource.mappers.FunctionMapper.selectByExample - <==      Total: 0
2022/04/19-13:22:35 DEBUG [http-nio-9999-exec-3] com.jsh.erp.datasource.mappers.FunctionMapper.selectByExample - ==>  Preparing: SELECT id, number, name, parent_number, url, component, state, sort, enabled, type, push_btn, icon, delete_flag FROM jsh_function WHERE (enabled = ? AND parent_number = ? AND delete_flag <> ?) ORDER BY Sort 
2022/04/19-13:22:35 DEBUG [http-nio-9999-exec-3] com.jsh.erp.datasource.mappers.FunctionMapper.selectByExample - ==> Parameters: true(Boolean), 0603(String), 1(String)
2022/04/19-13:22:35 DEBUG [http-nio-9999-exec-3] com.jsh.erp.datasource.mappers.FunctionMapper.selectByExample - <==      Total: 3
2022/04/19-13:22:35 DEBUG [http-nio-9999-exec-3] com.jsh.erp.datasource.mappers.FunctionMapper.selectByExample - ==>  Preparing: SELECT id, number, name, parent_number, url, component, state, sort, enabled, type, push_btn, icon, delete_flag FROM jsh_function WHERE (enabled = ? AND parent_number = ? AND delete_flag <> ?) ORDER BY Sort 
2022/04/19-13:22:35 DEBUG [http-nio-9999-exec-3] com.jsh.erp.datasource.mappers.FunctionMapper.selectByExample - ==> Parameters: true(Boolean), 060301(String), 1(String)
2022/04/19-13:22:35 DEBUG [http-nio-9999-exec-3] com.jsh.erp.datasource.mappers.FunctionMapper.selectByExample - <==      Total: 0
2022/04/19-13:22:35 DEBUG [http-nio-9999-exec-3] com.jsh.erp.datasource.mappers.FunctionMapper.selectByExample - ==>  Preparing: SELECT id, number, name, parent_number, url, component, state, sort, enabled, type, push_btn, icon, delete_flag FROM jsh_function WHERE (enabled = ? AND parent_number = ? AND delete_flag <> ?) ORDER BY Sort 
2022/04/19-13:22:35 DEBUG [http-nio-9999-exec-3] com.jsh.erp.datasource.mappers.FunctionMapper.selectByExample - ==> Parameters: true(Boolean), 060303(String), 1(String)
2022/04/19-13:22:35 DEBUG [http-nio-9999-exec-3] com.jsh.erp.datasource.mappers.FunctionMapper.selectByExample - <==      Total: 0
2022/04/19-13:22:35 DEBUG [http-nio-9999-exec-3] com.jsh.erp.datasource.mappers.FunctionMapper.selectByExample - ==>  Preparing: SELECT id, number, name, parent_number, url, component, state, sort, enabled, type, push_btn, icon, delete_flag FROM jsh_function WHERE (enabled = ? AND parent_number = ? AND delete_flag <> ?) ORDER BY Sort 
2022/04/19-13:22:35 DEBUG [http-nio-9999-exec-3] com.jsh.erp.datasource.mappers.FunctionMapper.selectByExample - ==> Parameters: true(Boolean), 060305(String), 1(String)
2022/04/19-13:22:35 DEBUG [http-nio-9999-exec-3] com.jsh.erp.datasource.mappers.FunctionMapper.selectByExample - <==      Total: 0
2022/04/19-13:22:35 DEBUG [http-nio-9999-exec-3] com.jsh.erp.datasource.mappers.FunctionMapper.selectByExample - ==>  Preparing: SELECT id, number, name, parent_number, url, component, state, sort, enabled, type, push_btn, icon, delete_flag FROM jsh_function WHERE (enabled = ? AND parent_number = ? AND delete_flag <> ?) ORDER BY Sort 
2022/04/19-13:22:36 DEBUG [http-nio-9999-exec-3] com.jsh.erp.datasource.mappers.FunctionMapper.selectByExample - ==> Parameters: true(Boolean), 0801(String), 1(String)
2022/04/19-13:22:36 DEBUG [http-nio-9999-exec-3] com.jsh.erp.datasource.mappers.FunctionMapper.selectByExample - <==      Total: 5
2022/04/19-13:22:36 DEBUG [http-nio-9999-exec-3] com.jsh.erp.datasource.mappers.FunctionMapper.selectByExample - ==>  Preparing: SELECT id, number, name, parent_number, url, component, state, sort, enabled, type, push_btn, icon, delete_flag FROM jsh_function WHERE (enabled = ? AND parent_number = ? AND delete_flag <> ?) ORDER BY Sort 
2022/04/19-13:22:36 DEBUG [http-nio-9999-exec-3] com.jsh.erp.datasource.mappers.FunctionMapper.selectByExample - ==> Parameters: true(Boolean), 080103(String), 1(String)
2022/04/19-13:22:36 DEBUG [http-nio-9999-exec-3] com.jsh.erp.datasource.mappers.FunctionMapper.selectByExample - <==      Total: 0
2022/04/19-13:22:36 DEBUG [http-nio-9999-exec-3] com.jsh.erp.datasource.mappers.FunctionMapper.selectByExample - ==>  Preparing: SELECT id, number, name, parent_number, url, component, state, sort, enabled, type, push_btn, icon, delete_flag FROM jsh_function WHERE (enabled = ? AND parent_number = ? AND delete_flag <> ?) ORDER BY Sort 
2022/04/19-13:22:36 DEBUG [http-nio-9999-exec-3] com.jsh.erp.datasource.mappers.FunctionMapper.selectByExample - ==> Parameters: true(Boolean), 080105(String), 1(String)
2022/04/19-13:22:36 DEBUG [http-nio-9999-exec-3] com.jsh.erp.datasource.mappers.FunctionMapper.selectByExample - <==      Total: 0
2022/04/19-13:22:36 DEBUG [http-nio-9999-exec-3] com.jsh.erp.datasource.mappers.FunctionMapper.selectByExample - ==>  Preparing: SELECT id, number, name, parent_number, url, component, state, sort, enabled, type, push_btn, icon, delete_flag FROM jsh_function WHERE (enabled = ? AND parent_number = ? AND delete_flag <> ?) ORDER BY Sort 
2022/04/19-13:22:36 DEBUG [http-nio-9999-exec-3] com.jsh.erp.datasource.mappers.FunctionMapper.selectByExample - ==> Parameters: true(Boolean), 080107(String), 1(String)
2022/04/19-13:22:36 DEBUG [http-nio-9999-exec-3] com.jsh.erp.datasource.mappers.FunctionMapper.selectByExample - <==      Total: 0
2022/04/19-13:22:36 DEBUG [http-nio-9999-exec-3] com.jsh.erp.datasource.mappers.FunctionMapper.selectByExample - ==>  Preparing: SELECT id, number, name, parent_number, url, component, state, sort, enabled, type, push_btn, icon, delete_flag FROM jsh_function WHERE (enabled = ? AND parent_number = ? AND delete_flag <> ?) ORDER BY Sort 
2022/04/19-13:22:36 DEBUG [http-nio-9999-exec-3] com.jsh.erp.datasource.mappers.FunctionMapper.selectByExample - ==> Parameters: true(Boolean), 080109(String), 1(String)
2022/04/19-13:22:36 DEBUG [http-nio-9999-exec-3] com.jsh.erp.datasource.mappers.FunctionMapper.selectByExample - <==      Total: 0
2022/04/19-13:22:36 DEBUG [http-nio-9999-exec-3] com.jsh.erp.datasource.mappers.FunctionMapper.selectByExample - ==>  Preparing: SELECT id, number, name, parent_number, url, component, state, sort, enabled, type, push_btn, icon, delete_flag FROM jsh_function WHERE (enabled = ? AND parent_number = ? AND delete_flag <> ?) ORDER BY Sort 
2022/04/19-13:22:36 DEBUG [http-nio-9999-exec-3] com.jsh.erp.datasource.mappers.FunctionMapper.selectByExample - ==> Parameters: true(Boolean), 080111(String), 1(String)
2022/04/19-13:22:36 DEBUG [http-nio-9999-exec-3] com.jsh.erp.datasource.mappers.FunctionMapper.selectByExample - <==      Total: 0
2022/04/19-13:22:36 DEBUG [http-nio-9999-exec-3] com.jsh.erp.datasource.mappers.FunctionMapper.selectByExample - ==>  Preparing: SELECT id, number, name, parent_number, url, component, state, sort, enabled, type, push_btn, icon, delete_flag FROM jsh_function WHERE (enabled = ? AND parent_number = ? AND delete_flag <> ?) ORDER BY Sort 
2022/04/19-13:22:36 DEBUG [http-nio-9999-exec-3] com.jsh.erp.datasource.mappers.FunctionMapper.selectByExample - ==> Parameters: true(Boolean), 0704(String), 1(String)
2022/04/19-13:22:36 DEBUG [http-nio-9999-exec-3] com.jsh.erp.datasource.mappers.FunctionMapper.selectByExample - <==      Total: 6
2022/04/19-13:22:36 DEBUG [http-nio-9999-exec-3] com.jsh.erp.datasource.mappers.FunctionMapper.selectByExample - ==>  Preparing: SELECT id, number, name, parent_number, url, component, state, sort, enabled, type, push_btn, icon, delete_flag FROM jsh_function WHERE (enabled = ? AND parent_number = ? AND delete_flag <> ?) ORDER BY Sort 
2022/04/19-13:22:36 DEBUG [http-nio-9999-exec-3] com.jsh.erp.datasource.mappers.FunctionMapper.selectByExample - ==> Parameters: true(Boolean), 070402(String), 1(String)
2022/04/19-13:22:36 DEBUG [http-nio-9999-exec-3] com.jsh.erp.datasource.mappers.FunctionMapper.selectByExample - <==      Total: 0
2022/04/19-13:22:36 DEBUG [http-nio-9999-exec-3] com.jsh.erp.datasource.mappers.FunctionMapper.selectByExample - ==>  Preparing: SELECT id, number, name, parent_number, url, component, state, sort, enabled, type, push_btn, icon, delete_flag FROM jsh_function WHERE (enabled = ? AND parent_number = ? AND delete_flag <> ?) ORDER BY Sort 
2022/04/19-13:22:36 DEBUG [http-nio-9999-exec-3] com.jsh.erp.datasource.mappers.FunctionMapper.selectByExample - ==> Parameters: true(Boolean), 070403(String), 1(String)
2022/04/19-13:22:36 DEBUG [http-nio-9999-exec-3] com.jsh.erp.datasource.mappers.FunctionMapper.selectByExample - <==      Total: 0
2022/04/19-13:22:36 DEBUG [http-nio-9999-exec-3] com.jsh.erp.datasource.mappers.FunctionMapper.selectByExample - ==>  Preparing: SELECT id, number, name, parent_number, url, component, state, sort, enabled, type, push_btn, icon, delete_flag FROM jsh_function WHERE (enabled = ? AND parent_number = ? AND delete_flag <> ?) ORDER BY Sort 
2022/04/19-13:22:36 DEBUG [http-nio-9999-exec-3] com.jsh.erp.datasource.mappers.FunctionMapper.selectByExample - ==> Parameters: true(Boolean), 070404(String), 1(String)
2022/04/19-13:22:36 DEBUG [http-nio-9999-exec-3] com.jsh.erp.datasource.mappers.FunctionMapper.selectByExample - <==      Total: 0
2022/04/19-13:22:36 DEBUG [http-nio-9999-exec-3] com.jsh.erp.datasource.mappers.FunctionMapper.selectByExample - ==>  Preparing: SELECT id, number, name, parent_number, url, component, state, sort, enabled, type, push_btn, icon, delete_flag FROM jsh_function WHERE (enabled = ? AND parent_number = ? AND delete_flag <> ?) ORDER BY Sort 
2022/04/19-13:22:36 DEBUG [http-nio-9999-exec-3] com.jsh.erp.datasource.mappers.FunctionMapper.selectByExample - ==> Parameters: true(Boolean), 070405(String), 1(String)
2022/04/19-13:22:36 DEBUG [http-nio-9999-exec-3] com.jsh.erp.datasource.mappers.FunctionMapper.selectByExample - <==      Total: 0
2022/04/19-13:22:36 DEBUG [http-nio-9999-exec-3] com.jsh.erp.datasource.mappers.FunctionMapper.selectByExample - ==>  Preparing: SELECT id, number, name, parent_number, url, component, state, sort, enabled, type, push_btn, icon, delete_flag FROM jsh_function WHERE (enabled = ? AND parent_number = ? AND delete_flag <> ?) ORDER BY Sort 
2022/04/19-13:22:36 DEBUG [http-nio-9999-exec-3] com.jsh.erp.datasource.mappers.FunctionMapper.selectByExample - ==> Parameters: true(Boolean), 070406(String), 1(String)
2022/04/19-13:22:36 DEBUG [http-nio-9999-exec-3] com.jsh.erp.datasource.mappers.FunctionMapper.selectByExample - <==      Total: 0
2022/04/19-13:22:36 DEBUG [http-nio-9999-exec-3] com.jsh.erp.datasource.mappers.FunctionMapper.selectByExample - ==>  Preparing: SELECT id, number, name, parent_number, url, component, state, sort, enabled, type, push_btn, icon, delete_flag FROM jsh_function WHERE (enabled = ? AND parent_number = ? AND delete_flag <> ?) ORDER BY Sort 
2022/04/19-13:22:36 DEBUG [http-nio-9999-exec-3] com.jsh.erp.datasource.mappers.FunctionMapper.selectByExample - ==> Parameters: true(Boolean), 070407(String), 1(String)
2022/04/19-13:22:36 DEBUG [http-nio-9999-exec-3] com.jsh.erp.datasource.mappers.FunctionMapper.selectByExample - <==      Total: 0
2022/04/19-13:22:36 DEBUG [http-nio-9999-exec-3] com.jsh.erp.datasource.mappers.FunctionMapper.selectByExample - ==>  Preparing: SELECT id, number, name, parent_number, url, component, state, sort, enabled, type, push_btn, icon, delete_flag FROM jsh_function WHERE (enabled = ? AND parent_number = ? AND delete_flag <> ?) ORDER BY Sort 
2022/04/19-13:22:36 DEBUG [http-nio-9999-exec-3] com.jsh.erp.datasource.mappers.FunctionMapper.selectByExample - ==> Parameters: true(Boolean), 0301(String), 1(String)
2022/04/19-13:22:36 DEBUG [http-nio-9999-exec-3] com.jsh.erp.datasource.mappers.FunctionMapper.selectByExample - <==      Total: 13
2022/04/19-13:22:36 DEBUG [http-nio-9999-exec-3] com.jsh.erp.datasource.mappers.FunctionMapper.selectByExample - ==>  Preparing: SELECT id, number, name, parent_number, url, component, state, sort, enabled, type, push_btn, icon, delete_flag FROM jsh_function WHERE (enabled = ? AND parent_number = ? AND delete_flag <> ?) ORDER BY Sort 
2022/04/19-13:22:36 DEBUG [http-nio-9999-exec-3] com.jsh.erp.datasource.mappers.FunctionMapper.selectByExample - ==> Parameters: true(Boolean), 030113(String), 1(String)
2022/04/19-13:22:36 DEBUG [http-nio-9999-exec-3] com.jsh.erp.datasource.mappers.FunctionMapper.selectByExample - <==      Total: 0
2022/04/19-13:22:36 DEBUG [http-nio-9999-exec-3] com.jsh.erp.datasource.mappers.FunctionMapper.selectByExample - ==>  Preparing: SELECT id, number, name, parent_number, url, component, state, sort, enabled, type, push_btn, icon, delete_flag FROM jsh_function WHERE (enabled = ? AND parent_number = ? AND delete_flag <> ?) ORDER BY Sort 
2022/04/19-13:22:36 DEBUG [http-nio-9999-exec-3] com.jsh.erp.datasource.mappers.FunctionMapper.selectByExample - ==> Parameters: true(Boolean), 030102(String), 1(String)
2022/04/19-13:22:36 DEBUG [http-nio-9999-exec-3] com.jsh.erp.datasource.mappers.FunctionMapper.selectByExample - <==      Total: 0
2022/04/19-13:22:36 DEBUG [http-nio-9999-exec-3] com.jsh.erp.datasource.mappers.FunctionMapper.selectByExample - ==>  Preparing: SELECT id, number, name, parent_number, url, component, state, sort, enabled, type, push_btn, icon, delete_flag FROM jsh_function WHERE (enabled = ? AND parent_number = ? AND delete_flag <> ?) ORDER BY Sort 
2022/04/19-13:22:36 DEBUG [http-nio-9999-exec-3] com.jsh.erp.datasource.mappers.FunctionMapper.selectByExample - ==> Parameters: true(Boolean), 030103(String), 1(String)
2022/04/19-13:22:36 DEBUG [http-nio-9999-exec-3] com.jsh.erp.datasource.mappers.FunctionMapper.selectByExample - <==      Total: 0
2022/04/19-13:22:36 DEBUG [http-nio-9999-exec-3] com.jsh.erp.datasource.mappers.FunctionMapper.selectByExample - ==>  Preparing: SELECT id, number, name, parent_number, url, component, state, sort, enabled, type, push_btn, icon, delete_flag FROM jsh_function WHERE (enabled = ? AND parent_number = ? AND delete_flag <> ?) ORDER BY Sort 
2022/04/19-13:22:36 DEBUG [http-nio-9999-exec-3] com.jsh.erp.datasource.mappers.FunctionMapper.selectByExample - ==> Parameters: true(Boolean), 030104(String), 1(String)
2022/04/19-13:22:36 DEBUG [http-nio-9999-exec-3] com.jsh.erp.datasource.mappers.FunctionMapper.selectByExample - <==      Total: 0
2022/04/19-13:22:36 DEBUG [http-nio-9999-exec-3] com.jsh.erp.datasource.mappers.FunctionMapper.selectByExample - ==>  Preparing: SELECT id, number, name, parent_number, url, component, state, sort, enabled, type, push_btn, icon, delete_flag FROM jsh_function WHERE (enabled = ? AND parent_number = ? AND delete_flag <> ?) ORDER BY Sort 
2022/04/19-13:22:36 DEBUG [http-nio-9999-exec-3] com.jsh.erp.datasource.mappers.FunctionMapper.selectByExample - ==> Parameters: true(Boolean), 030106(String), 1(String)
2022/04/19-13:22:36 DEBUG [http-nio-9999-exec-3] com.jsh.erp.datasource.mappers.FunctionMapper.selectByExample - <==      Total: 0
2022/04/19-13:22:36 DEBUG [http-nio-9999-exec-3] com.jsh.erp.datasource.mappers.FunctionMapper.selectByExample - ==>  Preparing: SELECT id, number, name, parent_number, url, component, state, sort, enabled, type, push_btn, icon, delete_flag FROM jsh_function WHERE (enabled = ? AND parent_number = ? AND delete_flag <> ?) ORDER BY Sort 
2022/04/19-13:22:36 DEBUG [http-nio-9999-exec-3] com.jsh.erp.datasource.mappers.FunctionMapper.selectByExample - ==> Parameters: true(Boolean), 030107(String), 1(String)
2022/04/19-13:22:36 DEBUG [http-nio-9999-exec-3] com.jsh.erp.datasource.mappers.FunctionMapper.selectByExample - <==      Total: 0
2022/04/19-13:22:36 DEBUG [http-nio-9999-exec-3] com.jsh.erp.datasource.mappers.FunctionMapper.selectByExample - ==>  Preparing: SELECT id, number, name, parent_number, url, component, state, sort, enabled, type, push_btn, icon, delete_flag FROM jsh_function WHERE (enabled = ? AND parent_number = ? AND delete_flag <> ?) ORDER BY Sort 
2022/04/19-13:22:36 DEBUG [http-nio-9999-exec-3] com.jsh.erp.datasource.mappers.FunctionMapper.selectByExample - ==> Parameters: true(Boolean), 030150(String), 1(String)
2022/04/19-13:22:36 DEBUG [http-nio-9999-exec-3] com.jsh.erp.datasource.mappers.FunctionMapper.selectByExample - <==      Total: 0
2022/04/19-13:22:36 DEBUG [http-nio-9999-exec-3] com.jsh.erp.datasource.mappers.FunctionMapper.selectByExample - ==>  Preparing: SELECT id, number, name, parent_number, url, component, state, sort, enabled, type, push_btn, icon, delete_flag FROM jsh_function WHERE (enabled = ? AND parent_number = ? AND delete_flag <> ?) ORDER BY Sort 
2022/04/19-13:22:36 DEBUG [http-nio-9999-exec-3] com.jsh.erp.datasource.mappers.FunctionMapper.selectByExample - ==> Parameters: true(Boolean), 030108(String), 1(String)
2022/04/19-13:22:36 DEBUG [http-nio-9999-exec-3] com.jsh.erp.datasource.mappers.FunctionMapper.selectByExample - <==      Total: 0
2022/04/19-13:22:36 DEBUG [http-nio-9999-exec-3] com.jsh.erp.datasource.mappers.FunctionMapper.selectByExample - ==>  Preparing: SELECT id, number, name, parent_number, url, component, state, sort, enabled, type, push_btn, icon, delete_flag FROM jsh_function WHERE (enabled = ? AND parent_number = ? AND delete_flag <> ?) ORDER BY Sort 
2022/04/19-13:22:36 DEBUG [http-nio-9999-exec-3] com.jsh.erp.datasource.mappers.FunctionMapper.selectByExample - ==> Parameters: true(Boolean), 030109(String), 1(String)
2022/04/19-13:22:36 DEBUG [http-nio-9999-exec-3] com.jsh.erp.datasource.mappers.FunctionMapper.selectByExample - <==      Total: 0
2022/04/19-13:22:36 DEBUG [http-nio-9999-exec-3] com.jsh.erp.datasource.mappers.FunctionMapper.selectByExample - ==>  Preparing: SELECT id, number, name, parent_number, url, component, state, sort, enabled, type, push_btn, icon, delete_flag FROM jsh_function WHERE (enabled = ? AND parent_number = ? AND delete_flag <> ?) ORDER BY Sort 
2022/04/19-13:22:36 DEBUG [http-nio-9999-exec-3] com.jsh.erp.datasource.mappers.FunctionMapper.selectByExample - ==> Parameters: true(Boolean), 030101(String), 1(String)
2022/04/19-13:22:36 DEBUG [http-nio-9999-exec-3] com.jsh.erp.datasource.mappers.FunctionMapper.selectByExample - <==      Total: 0
2022/04/19-13:22:36 DEBUG [http-nio-9999-exec-3] com.jsh.erp.datasource.mappers.FunctionMapper.selectByExample - ==>  Preparing: SELECT id, number, name, parent_number, url, component, state, sort, enabled, type, push_btn, icon, delete_flag FROM jsh_function WHERE (enabled = ? AND parent_number = ? AND delete_flag <> ?) ORDER BY Sort 
2022/04/19-13:22:36 DEBUG [http-nio-9999-exec-3] com.jsh.erp.datasource.mappers.FunctionMapper.selectByExample - ==> Parameters: true(Boolean), 030110(String), 1(String)
2022/04/19-13:22:36 DEBUG [http-nio-9999-exec-3] com.jsh.erp.datasource.mappers.FunctionMapper.selectByExample - <==      Total: 0
2022/04/19-13:22:36 DEBUG [http-nio-9999-exec-3] com.jsh.erp.datasource.mappers.FunctionMapper.selectByExample - ==>  Preparing: SELECT id, number, name, parent_number, url, component, state, sort, enabled, type, push_btn, icon, delete_flag FROM jsh_function WHERE (enabled = ? AND parent_number = ? AND delete_flag <> ?) ORDER BY Sort 
2022/04/19-13:22:36 DEBUG [http-nio-9999-exec-3] com.jsh.erp.datasource.mappers.FunctionMapper.selectByExample - ==> Parameters: true(Boolean), 030111(String), 1(String)
2022/04/19-13:22:36 DEBUG [http-nio-9999-exec-3] com.jsh.erp.datasource.mappers.FunctionMapper.selectByExample - <==      Total: 0
2022/04/19-13:22:36 DEBUG [http-nio-9999-exec-3] com.jsh.erp.datasource.mappers.FunctionMapper.selectByExample - ==>  Preparing: SELECT id, number, name, parent_number, url, component, state, sort, enabled, type, push_btn, icon, delete_flag FROM jsh_function WHERE (enabled = ? AND parent_number = ? AND delete_flag <> ?) ORDER BY Sort 
2022/04/19-13:22:36 DEBUG [http-nio-9999-exec-3] com.jsh.erp.datasource.mappers.FunctionMapper.selectByExample - ==> Parameters: true(Boolean), 030112(String), 1(String)
2022/04/19-13:22:36 DEBUG [http-nio-9999-exec-3] com.jsh.erp.datasource.mappers.FunctionMapper.selectByExample - <==      Total: 0
2022/04/19-13:22:36 DEBUG [http-nio-9999-exec-3] com.jsh.erp.datasource.mappers.FunctionMapper.selectByExample - ==>  Preparing: SELECT id, number, name, parent_number, url, component, state, sort, enabled, type, push_btn, icon, delete_flag FROM jsh_function WHERE (enabled = ? AND parent_number = ? AND delete_flag <> ?) ORDER BY Sort 
2022/04/19-13:22:36 DEBUG [http-nio-9999-exec-3] com.jsh.erp.datasource.mappers.FunctionMapper.selectByExample - ==> Parameters: true(Boolean), 0101(String), 1(String)
2022/04/19-13:22:36 DEBUG [http-nio-9999-exec-3] com.jsh.erp.datasource.mappers.FunctionMapper.selectByExample - <==      Total: 4
2022/04/19-13:22:36 DEBUG [http-nio-9999-exec-3] com.jsh.erp.datasource.mappers.FunctionMapper.selectByExample - ==>  Preparing: SELECT id, number, name, parent_number, url, component, state, sort, enabled, type, push_btn, icon, delete_flag FROM jsh_function WHERE (enabled = ? AND parent_number = ? AND delete_flag <> ?) ORDER BY Sort 
2022/04/19-13:22:36 DEBUG [http-nio-9999-exec-3] com.jsh.erp.datasource.mappers.FunctionMapper.selectByExample - ==> Parameters: true(Boolean), 010101(String), 1(String)
2022/04/19-13:22:36 DEBUG [http-nio-9999-exec-3] com.jsh.erp.datasource.mappers.FunctionMapper.selectByExample - <==      Total: 0
2022/04/19-13:22:36 DEBUG [http-nio-9999-exec-3] com.jsh.erp.datasource.mappers.FunctionMapper.selectByExample - ==>  Preparing: SELECT id, number, name, parent_number, url, component, state, sort, enabled, type, push_btn, icon, delete_flag FROM jsh_function WHERE (enabled = ? AND parent_number = ? AND delete_flag <> ?) ORDER BY Sort 
2022/04/19-13:22:36 DEBUG [http-nio-9999-exec-3] com.jsh.erp.datasource.mappers.FunctionMapper.selectByExample - ==> Parameters: true(Boolean), 010102(String), 1(String)
2022/04/19-13:22:36 DEBUG [http-nio-9999-exec-3] com.jsh.erp.datasource.mappers.FunctionMapper.selectByExample - <==      Total: 0
2022/04/19-13:22:36 DEBUG [http-nio-9999-exec-3] com.jsh.erp.datasource.mappers.FunctionMapper.selectByExample - ==>  Preparing: SELECT id, number, name, parent_number, url, component, state, sort, enabled, type, push_btn, icon, delete_flag FROM jsh_function WHERE (enabled = ? AND parent_number = ? AND delete_flag <> ?) ORDER BY Sort 
2022/04/19-13:22:36 DEBUG [http-nio-9999-exec-3] com.jsh.erp.datasource.mappers.FunctionMapper.selectByExample - ==> Parameters: true(Boolean), 010103(String), 1(String)
2022/04/19-13:22:36 DEBUG [http-nio-9999-exec-3] com.jsh.erp.datasource.mappers.FunctionMapper.selectByExample - <==      Total: 0
2022/04/19-13:22:36 DEBUG [http-nio-9999-exec-3] com.jsh.erp.datasource.mappers.FunctionMapper.selectByExample - ==>  Preparing: SELECT id, number, name, parent_number, url, component, state, sort, enabled, type, push_btn, icon, delete_flag FROM jsh_function WHERE (enabled = ? AND parent_number = ? AND delete_flag <> ?) ORDER BY Sort 
2022/04/19-13:22:36 DEBUG [http-nio-9999-exec-3] com.jsh.erp.datasource.mappers.FunctionMapper.selectByExample - ==> Parameters: true(Boolean), 010105(String), 1(String)
2022/04/19-13:22:36 DEBUG [http-nio-9999-exec-3] com.jsh.erp.datasource.mappers.FunctionMapper.selectByExample - <==      Total: 0
2022/04/19-13:22:36 DEBUG [http-nio-9999-exec-3] com.jsh.erp.datasource.mappers.FunctionMapper.selectByExample - ==>  Preparing: SELECT id, number, name, parent_number, url, component, state, sort, enabled, type, push_btn, icon, delete_flag FROM jsh_function WHERE (enabled = ? AND parent_number = ? AND delete_flag <> ?) ORDER BY Sort 
2022/04/19-13:22:36 DEBUG [http-nio-9999-exec-3] com.jsh.erp.datasource.mappers.FunctionMapper.selectByExample - ==> Parameters: true(Boolean), 0102(String), 1(String)
2022/04/19-13:22:36 DEBUG [http-nio-9999-exec-3] com.jsh.erp.datasource.mappers.FunctionMapper.selectByExample - <==      Total: 7
2022/04/19-13:22:36 DEBUG [http-nio-9999-exec-3] com.jsh.erp.datasource.mappers.FunctionMapper.selectByExample - ==>  Preparing: SELECT id, number, name, parent_number, url, component, state, sort, enabled, type, push_btn, icon, delete_flag FROM jsh_function WHERE (enabled = ? AND parent_number = ? AND delete_flag <> ?) ORDER BY Sort 
2022/04/19-13:22:36 DEBUG [http-nio-9999-exec-3] com.jsh.erp.datasource.mappers.FunctionMapper.selectByExample - ==> Parameters: true(Boolean), 01020101(String), 1(String)
2022/04/19-13:22:36 DEBUG [http-nio-9999-exec-3] com.jsh.erp.datasource.mappers.FunctionMapper.selectByExample - <==      Total: 0
2022/04/19-13:22:36 DEBUG [http-nio-9999-exec-3] com.jsh.erp.datasource.mappers.FunctionMapper.selectByExample - ==>  Preparing: SELECT id, number, name, parent_number, url, component, state, sort, enabled, type, push_btn, icon, delete_flag FROM jsh_function WHERE (enabled = ? AND parent_number = ? AND delete_flag <> ?) ORDER BY Sort 
2022/04/19-13:22:36 DEBUG [http-nio-9999-exec-3] com.jsh.erp.datasource.mappers.FunctionMapper.selectByExample - ==> Parameters: true(Boolean), 01020102(String), 1(String)
2022/04/19-13:22:36 DEBUG [http-nio-9999-exec-3] com.jsh.erp.datasource.mappers.FunctionMapper.selectByExample - <==      Total: 0
2022/04/19-13:22:36 DEBUG [http-nio-9999-exec-3] com.jsh.erp.datasource.mappers.FunctionMapper.selectByExample - ==>  Preparing: SELECT id, number, name, parent_number, url, component, state, sort, enabled, type, push_btn, icon, delete_flag FROM jsh_function WHERE (enabled = ? AND parent_number = ? AND delete_flag <> ?) ORDER BY Sort 
2022/04/19-13:22:36 DEBUG [http-nio-9999-exec-3] com.jsh.erp.datasource.mappers.FunctionMapper.selectByExample - ==> Parameters: true(Boolean), 01020103(String), 1(String)
2022/04/19-13:22:36 DEBUG [http-nio-9999-exec-3] com.jsh.erp.datasource.mappers.FunctionMapper.selectByExample - <==      Total: 0
2022/04/19-13:22:36 DEBUG [http-nio-9999-exec-3] com.jsh.erp.datasource.mappers.FunctionMapper.selectByExample - ==>  Preparing: SELECT id, number, name, parent_number, url, component, state, sort, enabled, type, push_btn, icon, delete_flag FROM jsh_function WHERE (enabled = ? AND parent_number = ? AND delete_flag <> ?) ORDER BY Sort 
2022/04/19-13:22:36 DEBUG [http-nio-9999-exec-3] com.jsh.erp.datasource.mappers.FunctionMapper.selectByExample - ==> Parameters: true(Boolean), 010202(String), 1(String)
2022/04/19-13:22:36 DEBUG [http-nio-9999-exec-3] com.jsh.erp.datasource.mappers.FunctionMapper.selectByExample - <==      Total: 0
2022/04/19-13:22:36 DEBUG [http-nio-9999-exec-3] com.jsh.erp.datasource.mappers.FunctionMapper.selectByExample - ==>  Preparing: SELECT id, number, name, parent_number, url, component, state, sort, enabled, type, push_btn, icon, delete_flag FROM jsh_function WHERE (enabled = ? AND parent_number = ? AND delete_flag <> ?) ORDER BY Sort 
2022/04/19-13:22:36 DEBUG [http-nio-9999-exec-3] com.jsh.erp.datasource.mappers.FunctionMapper.selectByExample - ==> Parameters: true(Boolean), 010204(String), 1(String)
2022/04/19-13:22:36 DEBUG [http-nio-9999-exec-3] com.jsh.erp.datasource.mappers.FunctionMapper.selectByExample - <==      Total: 0
2022/04/19-13:22:36 DEBUG [http-nio-9999-exec-3] com.jsh.erp.datasource.mappers.FunctionMapper.selectByExample - ==>  Preparing: SELECT id, number, name, parent_number, url, component, state, sort, enabled, type, push_btn, icon, delete_flag FROM jsh_function WHERE (enabled = ? AND parent_number = ? AND delete_flag <> ?) ORDER BY Sort 
2022/04/19-13:22:36 DEBUG [http-nio-9999-exec-3] com.jsh.erp.datasource.mappers.FunctionMapper.selectByExample - ==> Parameters: true(Boolean), 010205(String), 1(String)
2022/04/19-13:22:36 DEBUG [http-nio-9999-exec-3] com.jsh.erp.datasource.mappers.FunctionMapper.selectByExample - <==      Total: 0
2022/04/19-13:22:36 DEBUG [http-nio-9999-exec-3] com.jsh.erp.datasource.mappers.FunctionMapper.selectByExample - ==>  Preparing: SELECT id, number, name, parent_number, url, component, state, sort, enabled, type, push_btn, icon, delete_flag FROM jsh_function WHERE (enabled = ? AND parent_number = ? AND delete_flag <> ?) ORDER BY Sort 
2022/04/19-13:22:36 DEBUG [http-nio-9999-exec-3] com.jsh.erp.datasource.mappers.FunctionMapper.selectByExample - ==> Parameters: true(Boolean), 010206(String), 1(String)
2022/04/19-13:22:36 DEBUG [http-nio-9999-exec-3] com.jsh.erp.datasource.mappers.FunctionMapper.selectByExample - <==      Total: 0
2022/04/19-13:22:36 DEBUG [http-nio-9999-exec-3] com.jsh.erp.datasource.mappers.FunctionMapper.selectByExample - ==>  Preparing: SELECT id, number, name, parent_number, url, component, state, sort, enabled, type, push_btn, icon, delete_flag FROM jsh_function WHERE (enabled = ? AND parent_number = ? AND delete_flag <> ?) ORDER BY Sort 
2022/04/19-13:22:36 DEBUG [http-nio-9999-exec-3] com.jsh.erp.datasource.mappers.FunctionMapper.selectByExample - ==> Parameters: true(Boolean), 0001(String), 1(String)
2022/04/19-13:22:36 DEBUG [http-nio-9999-exec-3] com.jsh.erp.datasource.mappers.FunctionMapper.selectByExample - <==      Total: 10
2022/04/19-13:22:36 DEBUG [http-nio-9999-exec-3] com.jsh.erp.datasource.mappers.FunctionMapper.selectByExample - ==>  Preparing: SELECT id, number, name, parent_number, url, component, state, sort, enabled, type, push_btn, icon, delete_flag FROM jsh_function WHERE (enabled = ? AND parent_number = ? AND delete_flag <> ?) ORDER BY Sort 
2022/04/19-13:22:36 DEBUG [http-nio-9999-exec-3] com.jsh.erp.datasource.mappers.FunctionMapper.selectByExample - ==> Parameters: true(Boolean), 000102(String), 1(String)
2022/04/19-13:22:36 DEBUG [http-nio-9999-exec-3] com.jsh.erp.datasource.mappers.FunctionMapper.selectByExample - <==      Total: 0
2022/04/19-13:22:36 DEBUG [http-nio-9999-exec-3] com.jsh.erp.datasource.mappers.FunctionMapper.selectByExample - ==>  Preparing: SELECT id, number, name, parent_number, url, component, state, sort, enabled, type, push_btn, icon, delete_flag FROM jsh_function WHERE (enabled = ? AND parent_number = ? AND delete_flag <> ?) ORDER BY Sort 
2022/04/19-13:22:36 DEBUG [http-nio-9999-exec-3] com.jsh.erp.datasource.mappers.FunctionMapper.selectByExample - ==> Parameters: true(Boolean), 000103(String), 1(String)
2022/04/19-13:22:36 DEBUG [http-nio-9999-exec-3] com.jsh.erp.datasource.mappers.FunctionMapper.selectByExample - <==      Total: 0
2022/04/19-13:22:36 DEBUG [http-nio-9999-exec-3] com.jsh.erp.datasource.mappers.FunctionMapper.selectByExample - ==>  Preparing: SELECT id, number, name, parent_number, url, component, state, sort, enabled, type, push_btn, icon, delete_flag FROM jsh_function WHERE (enabled = ? AND parent_number = ? AND delete_flag <> ?) ORDER BY Sort 
2022/04/19-13:22:36 DEBUG [http-nio-9999-exec-3] com.jsh.erp.datasource.mappers.FunctionMapper.selectByExample - ==> Parameters: true(Boolean), 000108(String), 1(String)
2022/04/19-13:22:36 DEBUG [http-nio-9999-exec-3] com.jsh.erp.datasource.mappers.FunctionMapper.selectByExample - <==      Total: 0
2022/04/19-13:22:36 DEBUG [http-nio-9999-exec-3] com.jsh.erp.datasource.mappers.FunctionMapper.selectByExample - ==>  Preparing: SELECT id, number, name, parent_number, url, component, state, sort, enabled, type, push_btn, icon, delete_flag FROM jsh_function WHERE (enabled = ? AND parent_number = ? AND delete_flag <> ?) ORDER BY Sort 
2022/04/19-13:22:36 DEBUG [http-nio-9999-exec-3] com.jsh.erp.datasource.mappers.FunctionMapper.selectByExample - ==> Parameters: true(Boolean), 000104(String), 1(String)
2022/04/19-13:22:36 DEBUG [http-nio-9999-exec-3] com.jsh.erp.datasource.mappers.FunctionMapper.selectByExample - <==      Total: 0
2022/04/19-13:22:36 DEBUG [http-nio-9999-exec-3] com.jsh.erp.datasource.mappers.FunctionMapper.selectByExample - ==>  Preparing: SELECT id, number, name, parent_number, url, component, state, sort, enabled, type, push_btn, icon, delete_flag FROM jsh_function WHERE (enabled = ? AND parent_number = ? AND delete_flag <> ?) ORDER BY Sort 
2022/04/19-13:22:36 DEBUG [http-nio-9999-exec-3] com.jsh.erp.datasource.mappers.FunctionMapper.selectByExample - ==> Parameters: true(Boolean), 000105(String), 1(String)
2022/04/19-13:22:36 DEBUG [http-nio-9999-exec-3] com.jsh.erp.datasource.mappers.FunctionMapper.selectByExample - <==      Total: 0
2022/04/19-13:22:36 DEBUG [http-nio-9999-exec-3] com.jsh.erp.datasource.mappers.FunctionMapper.selectByExample - ==>  Preparing: SELECT id, number, name, parent_number, url, component, state, sort, enabled, type, push_btn, icon, delete_flag FROM jsh_function WHERE (enabled = ? AND parent_number = ? AND delete_flag <> ?) ORDER BY Sort 
2022/04/19-13:22:36 DEBUG [http-nio-9999-exec-3] com.jsh.erp.datasource.mappers.FunctionMapper.selectByExample - ==> Parameters: true(Boolean), 000105(String), 1(String)
2022/04/19-13:22:36 DEBUG [http-nio-9999-exec-3] com.jsh.erp.datasource.mappers.FunctionMapper.selectByExample - <==      Total: 0
2022/04/19-13:22:36 DEBUG [http-nio-9999-exec-3] com.jsh.erp.datasource.mappers.FunctionMapper.selectByExample - ==>  Preparing: SELECT id, number, name, parent_number, url, component, state, sort, enabled, type, push_btn, icon, delete_flag FROM jsh_function WHERE (enabled = ? AND parent_number = ? AND delete_flag <> ?) ORDER BY Sort 
2022/04/19-13:22:36 DEBUG [http-nio-9999-exec-3] com.jsh.erp.datasource.mappers.FunctionMapper.selectByExample - ==> Parameters: true(Boolean), 000109(String), 1(String)
2022/04/19-13:22:36 DEBUG [http-nio-9999-exec-3] com.jsh.erp.datasource.mappers.FunctionMapper.selectByExample - <==      Total: 0
2022/04/19-13:22:36 DEBUG [http-nio-9999-exec-3] com.jsh.erp.datasource.mappers.FunctionMapper.selectByExample - ==>  Preparing: SELECT id, number, name, parent_number, url, component, state, sort, enabled, type, push_btn, icon, delete_flag FROM jsh_function WHERE (enabled = ? AND parent_number = ? AND delete_flag <> ?) ORDER BY Sort 
2022/04/19-13:22:36 DEBUG [http-nio-9999-exec-3] com.jsh.erp.datasource.mappers.FunctionMapper.selectByExample - ==> Parameters: true(Boolean), 000106(String), 1(String)
2022/04/19-13:22:36 DEBUG [http-nio-9999-exec-3] com.jsh.erp.datasource.mappers.FunctionMapper.selectByExample - <==      Total: 0
2022/04/19-13:22:36 DEBUG [http-nio-9999-exec-3] com.jsh.erp.datasource.mappers.FunctionMapper.selectByExample - ==>  Preparing: SELECT id, number, name, parent_number, url, component, state, sort, enabled, type, push_btn, icon, delete_flag FROM jsh_function WHERE (enabled = ? AND parent_number = ? AND delete_flag <> ?) ORDER BY Sort 
2022/04/19-13:22:36 DEBUG [http-nio-9999-exec-3] com.jsh.erp.datasource.mappers.FunctionMapper.selectByExample - ==> Parameters: true(Boolean), 000107(String), 1(String)
2022/04/19-13:22:36 DEBUG [http-nio-9999-exec-3] com.jsh.erp.datasource.mappers.FunctionMapper.selectByExample - <==      Total: 0
2022/04/19-13:22:36 DEBUG [http-nio-9999-exec-3] com.jsh.erp.datasource.mappers.FunctionMapper.selectByExample - ==>  Preparing: SELECT id, number, name, parent_number, url, component, state, sort, enabled, type, push_btn, icon, delete_flag FROM jsh_function WHERE (enabled = ? AND parent_number = ? AND delete_flag <> ?) ORDER BY Sort 
2022/04/19-13:22:36 DEBUG [http-nio-9999-exec-3] com.jsh.erp.datasource.mappers.FunctionMapper.selectByExample - ==> Parameters: true(Boolean), 000112(String), 1(String)
2022/04/19-13:22:36 DEBUG [http-nio-9999-exec-3] com.jsh.erp.datasource.mappers.FunctionMapper.selectByExample - <==      Total: 0
2022/04/19-13:22:37 DEBUG [http-nio-9999-exec-4] com.jsh.erp.datasource.mappers.PlatformConfigMapper.selectByExample - ==>  Preparing: SELECT id, platform_key, platform_key_info, platform_value FROM jsh_platform_config WHERE (platform_key = ?) 
2022/04/19-13:22:37 DEBUG [http-nio-9999-exec-4] com.jsh.erp.datasource.mappers.PlatformConfigMapper.selectByExample - ==> Parameters: pay_fee_url(String)
2022/04/19-13:22:37 DEBUG [http-nio-9999-exec-4] com.jsh.erp.datasource.mappers.PlatformConfigMapper.selectByExample - <==      Total: 1
2022/04/19-13:22:37 DEBUG [http-nio-9999-exec-8] com.jsh.erp.datasource.mappers.UserMapper.selectByPrimaryKey - ==>  Preparing: SELECT id, username, login_name, password, position, department, email, phonenum, ismanager, isystem, Status, description, remark, tenant_id FROM jsh_user WHERE jsh_user.tenant_id = 63 AND id = ? 
2022/04/19-13:22:37 DEBUG [http-nio-9999-exec-9] com.jsh.erp.datasource.mappers.UserMapper.selectByPrimaryKey - ==>  Preparing: SELECT id, username, login_name, password, position, department, email, phonenum, ismanager, isystem, Status, description, remark, tenant_id FROM jsh_user WHERE jsh_user.tenant_id = 63 AND id = ? 
2022/04/19-13:22:37 DEBUG [http-nio-9999-exec-6] com.jsh.erp.datasource.mappers.DepotHeadMapperEx.getBuyAndSaleStatistics - ==>  Preparing: SELECT ifnull(sum(discount_last_money), 0) FROM jsh_depot_head WHERE jsh_depot_head.tenant_id = 63 AND 1 = 1 AND type = ? AND sub_type = ? AND organ_id IS NOT NULL AND oper_time >= ? AND oper_time <= ? AND ifnull(delete_flag, '0') != '1' 
2022/04/19-13:22:37 DEBUG [http-nio-9999-exec-7] com.jsh.erp.datasource.mappers.DepotItemMapperEx.inOrOutPrice - ==>  Preparing: SELECT ifnull(sum(discount_last_money), 0) AS allMoney FROM jsh_depot_head dh WHERE dh.tenant_id = 63 AND 1 = 1 AND dh.type = ? AND dh.sub_type = ? AND dh.oper_time >= ? AND dh.oper_time <= ? AND ifnull(dh.delete_flag, '0') != '1' 
2022/04/19-13:22:37 DEBUG [http-nio-9999-exec-5] com.jsh.erp.datasource.mappers.UserMapper.selectByPrimaryKey - ==>  Preparing: SELECT id, username, login_name, password, position, department, email, phonenum, ismanager, isystem, Status, description, remark, tenant_id FROM jsh_user WHERE jsh_user.tenant_id = 63 AND id = ? 
2022/04/19-13:22:37 DEBUG [http-nio-9999-exec-10] com.jsh.erp.datasource.mappers.PlatformConfigMapper.selectByExample - ==>  Preparing: SELECT id, platform_key, platform_key_info, platform_value FROM jsh_platform_config WHERE (platform_key = ?) 
2022/04/19-13:22:37 DEBUG [http-nio-9999-exec-10] com.jsh.erp.datasource.mappers.PlatformConfigMapper.selectByExample - ==> Parameters: pay_fee_url(String)
2022/04/19-13:22:37 DEBUG [http-nio-9999-exec-7] com.jsh.erp.datasource.mappers.DepotItemMapperEx.inOrOutPrice - ==> Parameters: 入库(String), 采购(String), 2021-11-01 00:00:00(String), 2021-11-30 23:59:59(String)
2022/04/19-13:22:37 DEBUG [http-nio-9999-exec-7] com.jsh.erp.datasource.mappers.DepotItemMapperEx.inOrOutPrice - <==      Total: 1
2022/04/19-13:22:37 DEBUG [http-nio-9999-exec-7] com.jsh.erp.datasource.mappers.DepotItemMapperEx.inOrOutPrice - ==>  Preparing: SELECT ifnull(sum(discount_last_money), 0) AS allMoney FROM jsh_depot_head dh WHERE dh.tenant_id = 63 AND 1 = 1 AND dh.type = ? AND dh.sub_type = ? AND dh.oper_time >= ? AND dh.oper_time <= ? AND ifnull(dh.delete_flag, '0') != '1' 
2022/04/19-13:22:37 DEBUG [http-nio-9999-exec-7] com.jsh.erp.datasource.mappers.DepotItemMapperEx.inOrOutPrice - ==> Parameters: 出库(String), 采购退货(String), 2021-11-01 00:00:00(String), 2021-11-30 23:59:59(String)
2022/04/19-13:22:37 DEBUG [http-nio-9999-exec-7] com.jsh.erp.datasource.mappers.DepotItemMapperEx.inOrOutPrice - <==      Total: 1
2022/04/19-13:22:37 DEBUG [http-nio-9999-exec-7] com.jsh.erp.datasource.mappers.DepotItemMapperEx.inOrOutPrice - ==>  Preparing: SELECT ifnull(sum(discount_last_money), 0) AS allMoney FROM jsh_depot_head dh WHERE dh.tenant_id = 63 AND 1 = 1 AND dh.type = ? AND dh.sub_type = ? AND dh.oper_time >= ? AND dh.oper_time <= ? AND ifnull(dh.delete_flag, '0') != '1' 
2022/04/19-13:22:37 DEBUG [http-nio-9999-exec-7] com.jsh.erp.datasource.mappers.DepotItemMapperEx.inOrOutPrice - ==> Parameters: 入库(String), 采购(String), 2021-12-01 00:00:00(String), 2021-12-31 23:59:59(String)
2022/04/19-13:22:37 DEBUG [http-nio-9999-exec-7] com.jsh.erp.datasource.mappers.DepotItemMapperEx.inOrOutPrice - <==      Total: 1
2022/04/19-13:22:37 DEBUG [http-nio-9999-exec-7] com.jsh.erp.datasource.mappers.DepotItemMapperEx.inOrOutPrice - ==>  Preparing: SELECT ifnull(sum(discount_last_money), 0) AS allMoney FROM jsh_depot_head dh WHERE dh.tenant_id = 63 AND 1 = 1 AND dh.type = ? AND dh.sub_type = ? AND dh.oper_time >= ? AND dh.oper_time <= ? AND ifnull(dh.delete_flag, '0') != '1' 
2022/04/19-13:22:37 DEBUG [http-nio-9999-exec-7] com.jsh.erp.datasource.mappers.DepotItemMapperEx.inOrOutPrice - ==> Parameters: 出库(String), 采购退货(String), 2021-12-01 00:00:00(String), 2021-12-31 23:59:59(String)
2022/04/19-13:22:37 DEBUG [http-nio-9999-exec-7] com.jsh.erp.datasource.mappers.DepotItemMapperEx.inOrOutPrice - <==      Total: 1
2022/04/19-13:22:37 DEBUG [http-nio-9999-exec-7] com.jsh.erp.datasource.mappers.DepotItemMapperEx.inOrOutPrice - ==>  Preparing: SELECT ifnull(sum(discount_last_money), 0) AS allMoney FROM jsh_depot_head dh WHERE dh.tenant_id = 63 AND 1 = 1 AND dh.type = ? AND dh.sub_type = ? AND dh.oper_time >= ? AND dh.oper_time <= ? AND ifnull(dh.delete_flag, '0') != '1' 
2022/04/19-13:22:37 DEBUG [http-nio-9999-exec-7] com.jsh.erp.datasource.mappers.DepotItemMapperEx.inOrOutPrice - ==> Parameters: 入库(String), 采购(String), 2022-01-01 00:00:00(String), 2022-01-31 23:59:59(String)
2022/04/19-13:22:37 DEBUG [http-nio-9999-exec-7] com.jsh.erp.datasource.mappers.DepotItemMapperEx.inOrOutPrice - <==      Total: 1
2022/04/19-13:22:38 DEBUG [http-nio-9999-exec-7] com.jsh.erp.datasource.mappers.DepotItemMapperEx.inOrOutPrice - ==>  Preparing: SELECT ifnull(sum(discount_last_money), 0) AS allMoney FROM jsh_depot_head dh WHERE dh.tenant_id = 63 AND 1 = 1 AND dh.type = ? AND dh.sub_type = ? AND dh.oper_time >= ? AND dh.oper_time <= ? AND ifnull(dh.delete_flag, '0') != '1' 
2022/04/19-13:22:38 DEBUG [http-nio-9999-exec-7] com.jsh.erp.datasource.mappers.DepotItemMapperEx.inOrOutPrice - ==> Parameters: 出库(String), 采购退货(String), 2022-01-01 00:00:00(String), 2022-01-31 23:59:59(String)
2022/04/19-13:22:38 DEBUG [http-nio-9999-exec-7] com.jsh.erp.datasource.mappers.DepotItemMapperEx.inOrOutPrice - <==      Total: 1
2022/04/19-13:22:38 DEBUG [http-nio-9999-exec-7] com.jsh.erp.datasource.mappers.DepotItemMapperEx.inOrOutPrice - ==>  Preparing: SELECT ifnull(sum(discount_last_money), 0) AS allMoney FROM jsh_depot_head dh WHERE dh.tenant_id = 63 AND 1 = 1 AND dh.type = ? AND dh.sub_type = ? AND dh.oper_time >= ? AND dh.oper_time <= ? AND ifnull(dh.delete_flag, '0') != '1' 
2022/04/19-13:22:38 DEBUG [http-nio-9999-exec-7] com.jsh.erp.datasource.mappers.DepotItemMapperEx.inOrOutPrice - ==> Parameters: 入库(String), 采购(String), 2022-02-01 00:00:00(String), 2022-02-28 23:59:59(String)
2022/04/19-13:22:38 DEBUG [http-nio-9999-exec-7] com.jsh.erp.datasource.mappers.DepotItemMapperEx.inOrOutPrice - <==      Total: 1
2022/04/19-13:22:38 DEBUG [http-nio-9999-exec-7] com.jsh.erp.datasource.mappers.DepotItemMapperEx.inOrOutPrice - ==>  Preparing: SELECT ifnull(sum(discount_last_money), 0) AS allMoney FROM jsh_depot_head dh WHERE dh.tenant_id = 63 AND 1 = 1 AND dh.type = ? AND dh.sub_type = ? AND dh.oper_time >= ? AND dh.oper_time <= ? AND ifnull(dh.delete_flag, '0') != '1' 
2022/04/19-13:22:38 DEBUG [http-nio-9999-exec-7] com.jsh.erp.datasource.mappers.DepotItemMapperEx.inOrOutPrice - ==> Parameters: 出库(String), 采购退货(String), 2022-02-01 00:00:00(String), 2022-02-28 23:59:59(String)
2022/04/19-13:22:38 DEBUG [http-nio-9999-exec-7] com.jsh.erp.datasource.mappers.DepotItemMapperEx.inOrOutPrice - <==      Total: 1
2022/04/19-13:22:38 DEBUG [http-nio-9999-exec-7] com.jsh.erp.datasource.mappers.DepotItemMapperEx.inOrOutPrice - ==>  Preparing: SELECT ifnull(sum(discount_last_money), 0) AS allMoney FROM jsh_depot_head dh WHERE dh.tenant_id = 63 AND 1 = 1 AND dh.type = ? AND dh.sub_type = ? AND dh.oper_time >= ? AND dh.oper_time <= ? AND ifnull(dh.delete_flag, '0') != '1' 
2022/04/19-13:22:38 DEBUG [http-nio-9999-exec-7] com.jsh.erp.datasource.mappers.DepotItemMapperEx.inOrOutPrice - ==> Parameters: 入库(String), 采购(String), 2022-03-01 00:00:00(String), 2022-03-31 23:59:59(String)
2022/04/19-13:22:38 DEBUG [http-nio-9999-exec-7] com.jsh.erp.datasource.mappers.DepotItemMapperEx.inOrOutPrice - <==      Total: 1
2022/04/19-13:22:38 DEBUG [http-nio-9999-exec-7] com.jsh.erp.datasource.mappers.DepotItemMapperEx.inOrOutPrice - ==>  Preparing: SELECT ifnull(sum(discount_last_money), 0) AS allMoney FROM jsh_depot_head dh WHERE dh.tenant_id = 63 AND 1 = 1 AND dh.type = ? AND dh.sub_type = ? AND dh.oper_time >= ? AND dh.oper_time <= ? AND ifnull(dh.delete_flag, '0') != '1' 
2022/04/19-13:22:38 DEBUG [http-nio-9999-exec-7] com.jsh.erp.datasource.mappers.DepotItemMapperEx.inOrOutPrice - ==> Parameters: 出库(String), 采购退货(String), 2022-03-01 00:00:00(String), 2022-03-31 23:59:59(String)
2022/04/19-13:22:38 DEBUG [http-nio-9999-exec-7] com.jsh.erp.datasource.mappers.DepotItemMapperEx.inOrOutPrice - <==      Total: 1
2022/04/19-13:22:38 DEBUG [http-nio-9999-exec-7] com.jsh.erp.datasource.mappers.DepotItemMapperEx.inOrOutPrice - ==>  Preparing: SELECT ifnull(sum(discount_last_money), 0) AS allMoney FROM jsh_depot_head dh WHERE dh.tenant_id = 63 AND 1 = 1 AND dh.type = ? AND dh.sub_type = ? AND dh.oper_time >= ? AND dh.oper_time <= ? AND ifnull(dh.delete_flag, '0') != '1' 
2022/04/19-13:22:38 DEBUG [http-nio-9999-exec-7] com.jsh.erp.datasource.mappers.DepotItemMapperEx.inOrOutPrice - ==> Parameters: 入库(String), 采购(String), 2022-04-01 00:00:00(String), 2022-04-30 23:59:59(String)
2022/04/19-13:22:38 DEBUG [http-nio-9999-exec-7] com.jsh.erp.datasource.mappers.DepotItemMapperEx.inOrOutPrice - <==      Total: 1
2022/04/19-13:22:38 DEBUG [http-nio-9999-exec-7] com.jsh.erp.datasource.mappers.DepotItemMapperEx.inOrOutPrice - ==>  Preparing: SELECT ifnull(sum(discount_last_money), 0) AS allMoney FROM jsh_depot_head dh WHERE dh.tenant_id = 63 AND 1 = 1 AND dh.type = ? AND dh.sub_type = ? AND dh.oper_time >= ? AND dh.oper_time <= ? AND ifnull(dh.delete_flag, '0') != '1' 
2022/04/19-13:22:38 DEBUG [http-nio-9999-exec-10] com.jsh.erp.datasource.mappers.PlatformConfigMapper.selectByExample - <==      Total: 1
2022/04/19-13:22:38 DEBUG [http-nio-9999-exec-7] com.jsh.erp.datasource.mappers.DepotItemMapperEx.inOrOutPrice - ==> Parameters: 出库(String), 采购退货(String), 2022-04-01 00:00:00(String), 2022-04-30 23:59:59(String)
2022/04/19-13:22:38 DEBUG [http-nio-9999-exec-7] com.jsh.erp.datasource.mappers.DepotItemMapperEx.inOrOutPrice - <==      Total: 1
2022/04/19-13:22:38 DEBUG [http-nio-9999-exec-7] com.jsh.erp.datasource.mappers.DepotItemMapperEx.inOrOutPrice - ==>  Preparing: SELECT ifnull(sum(discount_last_money), 0) AS allMoney FROM jsh_depot_head dh WHERE dh.tenant_id = 63 AND 1 = 1 AND dh.type = ? AND dh.sub_type = ? AND dh.oper_time >= ? AND dh.oper_time <= ? AND ifnull(dh.delete_flag, '0') != '1' 
2022/04/19-13:22:38 DEBUG [http-nio-9999-exec-7] com.jsh.erp.datasource.mappers.DepotItemMapperEx.inOrOutPrice - ==> Parameters: 出库(String), 销售(String), 2021-11-01 00:00:00(String), 2021-11-30 23:59:59(String)
2022/04/19-13:22:38 DEBUG [http-nio-9999-exec-8] com.jsh.erp.datasource.mappers.UserMapper.selectByPrimaryKey - ==> Parameters: 63(Long)
2022/04/19-13:22:38 DEBUG [http-nio-9999-exec-7] com.jsh.erp.datasource.mappers.DepotItemMapperEx.inOrOutPrice - <==      Total: 1
2022/04/19-13:22:38 DEBUG [http-nio-9999-exec-7] com.jsh.erp.datasource.mappers.DepotItemMapperEx.inOrOutPrice - ==>  Preparing: SELECT ifnull(sum(discount_last_money), 0) AS allMoney FROM jsh_depot_head dh WHERE dh.tenant_id = 63 AND 1 = 1 AND dh.type = ? AND dh.sub_type = ? AND dh.oper_time >= ? AND dh.oper_time <= ? AND ifnull(dh.delete_flag, '0') != '1' 
2022/04/19-13:22:38 DEBUG [http-nio-9999-exec-7] com.jsh.erp.datasource.mappers.DepotItemMapperEx.inOrOutPrice - ==> Parameters: 入库(String), 销售退货(String), 2021-11-01 00:00:00(String), 2021-11-30 23:59:59(String)
2022/04/19-13:22:38 DEBUG [http-nio-9999-exec-7] com.jsh.erp.datasource.mappers.DepotItemMapperEx.inOrOutPrice - <==      Total: 1
2022/04/19-13:22:38 DEBUG [http-nio-9999-exec-7] com.jsh.erp.datasource.mappers.DepotItemMapperEx.inOrOutPrice - ==>  Preparing: SELECT ifnull(sum(discount_last_money), 0) AS allMoney FROM jsh_depot_head dh WHERE dh.tenant_id = 63 AND 1 = 1 AND dh.type = ? AND dh.sub_type = ? AND dh.oper_time >= ? AND dh.oper_time <= ? AND ifnull(dh.delete_flag, '0') != '1' 
2022/04/19-13:22:38 DEBUG [http-nio-9999-exec-8] com.jsh.erp.datasource.mappers.UserMapper.selectByPrimaryKey - <==      Total: 1
2022/04/19-13:22:38 DEBUG [http-nio-9999-exec-7] com.jsh.erp.datasource.mappers.DepotItemMapperEx.inOrOutPrice - ==> Parameters: 出库(String), 销售(String), 2021-12-01 00:00:00(String), 2021-12-31 23:59:59(String)
2022/04/19-13:22:38 DEBUG [http-nio-9999-exec-7] com.jsh.erp.datasource.mappers.DepotItemMapperEx.inOrOutPrice - <==      Total: 1
2022/04/19-13:22:38 DEBUG [http-nio-9999-exec-7] com.jsh.erp.datasource.mappers.DepotItemMapperEx.inOrOutPrice - ==>  Preparing: SELECT ifnull(sum(discount_last_money), 0) AS allMoney FROM jsh_depot_head dh WHERE dh.tenant_id = 63 AND 1 = 1 AND dh.type = ? AND dh.sub_type = ? AND dh.oper_time >= ? AND dh.oper_time <= ? AND ifnull(dh.delete_flag, '0') != '1' 
2022/04/19-13:22:38 DEBUG [http-nio-9999-exec-8] com.jsh.erp.datasource.mappers.MsgMapper.selectByExample - ==>  Preparing: SELECT id, msg_title, msg_content, create_time, type, status, tenant_id, delete_Flag FROM jsh_msg WHERE jsh_msg.tenant_id = 63 AND (status = ? AND delete_Flag <> ?) 
2022/04/19-13:22:38 DEBUG [http-nio-9999-exec-7] com.jsh.erp.datasource.mappers.DepotItemMapperEx.inOrOutPrice - ==> Parameters: 入库(String), 销售退货(String), 2021-12-01 00:00:00(String), 2021-12-31 23:59:59(String)
2022/04/19-13:22:38 DEBUG [http-nio-9999-exec-7] com.jsh.erp.datasource.mappers.DepotItemMapperEx.inOrOutPrice - <==      Total: 1
2022/04/19-13:22:38 DEBUG [http-nio-9999-exec-7] com.jsh.erp.datasource.mappers.DepotItemMapperEx.inOrOutPrice - ==>  Preparing: SELECT ifnull(sum(discount_last_money), 0) AS allMoney FROM jsh_depot_head dh WHERE dh.tenant_id = 63 AND 1 = 1 AND dh.type = ? AND dh.sub_type = ? AND dh.oper_time >= ? AND dh.oper_time <= ? AND ifnull(dh.delete_flag, '0') != '1' 
2022/04/19-13:22:38 DEBUG [http-nio-9999-exec-7] com.jsh.erp.datasource.mappers.DepotItemMapperEx.inOrOutPrice - ==> Parameters: 出库(String), 销售(String), 2022-01-01 00:00:00(String), 2022-01-31 23:59:59(String)
2022/04/19-13:22:38 DEBUG [http-nio-9999-exec-9] com.jsh.erp.datasource.mappers.UserMapper.selectByPrimaryKey - ==> Parameters: 63(Long)
2022/04/19-13:22:38 DEBUG [http-nio-9999-exec-7] com.jsh.erp.datasource.mappers.DepotItemMapperEx.inOrOutPrice - <==      Total: 1
2022/04/19-13:22:38 DEBUG [http-nio-9999-exec-9] com.jsh.erp.datasource.mappers.UserMapper.selectByPrimaryKey - <==      Total: 1
2022/04/19-13:22:38 DEBUG [http-nio-9999-exec-7] com.jsh.erp.datasource.mappers.DepotItemMapperEx.inOrOutPrice - ==>  Preparing: SELECT ifnull(sum(discount_last_money), 0) AS allMoney FROM jsh_depot_head dh WHERE dh.tenant_id = 63 AND 1 = 1 AND dh.type = ? AND dh.sub_type = ? AND dh.oper_time >= ? AND dh.oper_time <= ? AND ifnull(dh.delete_flag, '0') != '1' 
2022/04/19-13:22:38 DEBUG [http-nio-9999-exec-9] com.jsh.erp.datasource.mappers.UserMapperEx.countsByUser - ==>  Preparing: SELECT count(user.id) FROM jsh_user user WHERE user.tenant_id = 63 AND 1 = 1 AND user.status != '1' 
2022/04/19-13:22:38 DEBUG [http-nio-9999-exec-7] com.jsh.erp.datasource.mappers.DepotItemMapperEx.inOrOutPrice - ==> Parameters: 入库(String), 销售退货(String), 2022-01-01 00:00:00(String), 2022-01-31 23:59:59(String)
2022/04/19-13:22:38 DEBUG [http-nio-9999-exec-7] com.jsh.erp.datasource.mappers.DepotItemMapperEx.inOrOutPrice - <==      Total: 1
2022/04/19-13:22:38 DEBUG [http-nio-9999-exec-7] com.jsh.erp.datasource.mappers.DepotItemMapperEx.inOrOutPrice - ==>  Preparing: SELECT ifnull(sum(discount_last_money), 0) AS allMoney FROM jsh_depot_head dh WHERE dh.tenant_id = 63 AND 1 = 1 AND dh.type = ? AND dh.sub_type = ? AND dh.oper_time >= ? AND dh.oper_time <= ? AND ifnull(dh.delete_flag, '0') != '1' 
2022/04/19-13:22:38 DEBUG [http-nio-9999-exec-6] com.jsh.erp.datasource.mappers.DepotHeadMapperEx.getBuyAndSaleStatistics - ==> Parameters: 入库(String), 采购(String), 2022-04-19 00:00:00(String), 2022-04-19 13:22:37(String)
2022/04/19-13:22:38 DEBUG [http-nio-9999-exec-9] com.jsh.erp.datasource.mappers.UserMapperEx.countsByUser - ==> Parameters: 
2022/04/19-13:22:38 DEBUG [http-nio-9999-exec-9] com.jsh.erp.datasource.mappers.UserMapperEx.countsByUser - <==      Total: 1
2022/04/19-13:22:38 DEBUG [http-nio-9999-exec-7] com.jsh.erp.datasource.mappers.DepotItemMapperEx.inOrOutPrice - ==> Parameters: 出库(String), 销售(String), 2022-02-01 00:00:00(String), 2022-02-28 23:59:59(String)
2022/04/19-13:22:38 DEBUG [http-nio-9999-exec-7] com.jsh.erp.datasource.mappers.DepotItemMapperEx.inOrOutPrice - <==      Total: 1
2022/04/19-13:22:38 DEBUG [http-nio-9999-exec-7] com.jsh.erp.datasource.mappers.DepotItemMapperEx.inOrOutPrice - ==>  Preparing: SELECT ifnull(sum(discount_last_money), 0) AS allMoney FROM jsh_depot_head dh WHERE dh.tenant_id = 63 AND 1 = 1 AND dh.type = ? AND dh.sub_type = ? AND dh.oper_time >= ? AND dh.oper_time <= ? AND ifnull(dh.delete_flag, '0') != '1' 
2022/04/19-13:22:38 DEBUG [http-nio-9999-exec-7] com.jsh.erp.datasource.mappers.DepotItemMapperEx.inOrOutPrice - ==> Parameters: 入库(String), 销售退货(String), 2022-02-01 00:00:00(String), 2022-02-28 23:59:59(String)
2022/04/19-13:22:38 DEBUG [http-nio-9999-exec-9] com.jsh.erp.datasource.mappers.TenantMapper.selectByExample - ==>  Preparing: SELECT id, tenant_id, login_name, user_num_limit, type, enabled, create_time, expire_time, remark FROM jsh_tenant WHERE (tenant_id = ?) 
2022/04/19-13:22:38 DEBUG [http-nio-9999-exec-7] com.jsh.erp.datasource.mappers.DepotItemMapperEx.inOrOutPrice - <==      Total: 1
2022/04/19-13:22:38 DEBUG [http-nio-9999-exec-7] com.jsh.erp.datasource.mappers.DepotItemMapperEx.inOrOutPrice - ==>  Preparing: SELECT ifnull(sum(discount_last_money), 0) AS allMoney FROM jsh_depot_head dh WHERE dh.tenant_id = 63 AND 1 = 1 AND dh.type = ? AND dh.sub_type = ? AND dh.oper_time >= ? AND dh.oper_time <= ? AND ifnull(dh.delete_flag, '0') != '1' 
2022/04/19-13:22:38 DEBUG [http-nio-9999-exec-7] com.jsh.erp.datasource.mappers.DepotItemMapperEx.inOrOutPrice - ==> Parameters: 出库(String), 销售(String), 2022-03-01 00:00:00(String), 2022-03-31 23:59:59(String)
2022/04/19-13:22:38 DEBUG [http-nio-9999-exec-7] com.jsh.erp.datasource.mappers.DepotItemMapperEx.inOrOutPrice - <==      Total: 1
2022/04/19-13:22:38 DEBUG [http-nio-9999-exec-7] com.jsh.erp.datasource.mappers.DepotItemMapperEx.inOrOutPrice - ==>  Preparing: SELECT ifnull(sum(discount_last_money), 0) AS allMoney FROM jsh_depot_head dh WHERE dh.tenant_id = 63 AND 1 = 1 AND dh.type = ? AND dh.sub_type = ? AND dh.oper_time >= ? AND dh.oper_time <= ? AND ifnull(dh.delete_flag, '0') != '1' 
2022/04/19-13:22:38 DEBUG [http-nio-9999-exec-7] com.jsh.erp.datasource.mappers.DepotItemMapperEx.inOrOutPrice - ==> Parameters: 入库(String), 销售退货(String), 2022-03-01 00:00:00(String), 2022-03-31 23:59:59(String)
2022/04/19-13:22:38 DEBUG [http-nio-9999-exec-7] com.jsh.erp.datasource.mappers.DepotItemMapperEx.inOrOutPrice - <==      Total: 1
2022/04/19-13:22:38 DEBUG [http-nio-9999-exec-7] com.jsh.erp.datasource.mappers.DepotItemMapperEx.inOrOutPrice - ==>  Preparing: SELECT ifnull(sum(discount_last_money), 0) AS allMoney FROM jsh_depot_head dh WHERE dh.tenant_id = 63 AND 1 = 1 AND dh.type = ? AND dh.sub_type = ? AND dh.oper_time >= ? AND dh.oper_time <= ? AND ifnull(dh.delete_flag, '0') != '1' 
2022/04/19-13:22:38 DEBUG [http-nio-9999-exec-5] com.jsh.erp.datasource.mappers.UserMapper.selectByPrimaryKey - ==> Parameters: 63(Long)
2022/04/19-13:22:38 DEBUG [http-nio-9999-exec-7] com.jsh.erp.datasource.mappers.DepotItemMapperEx.inOrOutPrice - ==> Parameters: 出库(String), 销售(String), 2022-04-01 00:00:00(String), 2022-04-30 23:59:59(String)
2022/04/19-13:22:38 DEBUG [http-nio-9999-exec-7] com.jsh.erp.datasource.mappers.DepotItemMapperEx.inOrOutPrice - <==      Total: 1
2022/04/19-13:22:38 DEBUG [http-nio-9999-exec-7] com.jsh.erp.datasource.mappers.DepotItemMapperEx.inOrOutPrice - ==>  Preparing: SELECT ifnull(sum(discount_last_money), 0) AS allMoney FROM jsh_depot_head dh WHERE dh.tenant_id = 63 AND 1 = 1 AND dh.type = ? AND dh.sub_type = ? AND dh.oper_time >= ? AND dh.oper_time <= ? AND ifnull(dh.delete_flag, '0') != '1' 
2022/04/19-13:22:38 DEBUG [http-nio-9999-exec-7] com.jsh.erp.datasource.mappers.DepotItemMapperEx.inOrOutPrice - ==> Parameters: 入库(String), 销售退货(String), 2022-04-01 00:00:00(String), 2022-04-30 23:59:59(String)
2022/04/19-13:22:38 DEBUG [http-nio-9999-exec-5] com.jsh.erp.datasource.mappers.UserMapper.selectByPrimaryKey - <==      Total: 1
2022/04/19-13:22:38 DEBUG [http-nio-9999-exec-7] com.jsh.erp.datasource.mappers.DepotItemMapperEx.inOrOutPrice - <==      Total: 1
2022/04/19-13:22:38 DEBUG [http-nio-9999-exec-5] com.jsh.erp.datasource.mappers.MsgMapperEx.selectByConditionMsg - ==>  Preparing: SELECT * FROM jsh_msg WHERE jsh_msg.tenant_id = 63 AND 1 = 1 AND ifnull(delete_Flag, '0') != '1' ORDER BY create_time DESC LIMIT ?, ? 
2022/04/19-13:22:38 DEBUG [http-nio-9999-exec-7] com.jsh.erp.datasource.mappers.DepotItemMapperEx.inOrOutRetailPrice - ==>  Preparing: SELECT ifnull(sum(total_price), 0) AS allMoney FROM jsh_depot_head dh WHERE dh.tenant_id = 63 AND 1 = 1 AND dh.type = ? AND dh.sub_type = ? AND dh.oper_time >= ? AND dh.oper_time <= ? AND ifnull(dh.delete_flag, '0') != '1' 
2022/04/19-13:22:38 DEBUG [http-nio-9999-exec-7] com.jsh.erp.datasource.mappers.DepotItemMapperEx.inOrOutRetailPrice - ==> Parameters: 出库(String), 零售(String), 2021-11-01 00:00:00(String), 2021-11-30 23:59:59(String)
2022/04/19-13:22:38 DEBUG [http-nio-9999-exec-7] com.jsh.erp.datasource.mappers.DepotItemMapperEx.inOrOutRetailPrice - <==      Total: 1
2022/04/19-13:22:38 DEBUG [http-nio-9999-exec-6] com.jsh.erp.datasource.mappers.DepotHeadMapperEx.getBuyAndSaleStatistics - <==      Total: 1
2022/04/19-13:22:38 DEBUG [http-nio-9999-exec-6] com.jsh.erp.datasource.mappers.DepotHeadMapperEx.getBuyAndSaleStatistics - ==>  Preparing: SELECT ifnull(sum(discount_last_money), 0) FROM jsh_depot_head WHERE jsh_depot_head.tenant_id = 63 AND 1 = 1 AND type = ? AND sub_type = ? AND organ_id IS NOT NULL AND oper_time >= ? AND oper_time <= ? AND ifnull(delete_flag, '0') != '1' 
2022/04/19-13:22:38 DEBUG [http-nio-9999-exec-7] com.jsh.erp.datasource.mappers.DepotItemMapperEx.inOrOutRetailPrice - ==>  Preparing: SELECT ifnull(sum(total_price), 0) AS allMoney FROM jsh_depot_head dh WHERE dh.tenant_id = 63 AND 1 = 1 AND dh.type = ? AND dh.sub_type = ? AND dh.oper_time >= ? AND dh.oper_time <= ? AND ifnull(dh.delete_flag, '0') != '1' 
2022/04/19-13:22:38 DEBUG [http-nio-9999-exec-7] com.jsh.erp.datasource.mappers.DepotItemMapperEx.inOrOutRetailPrice - ==> Parameters: 入库(String), 零售退货(String), 2021-11-01 00:00:00(String), 2021-11-30 23:59:59(String)
2022/04/19-13:22:38 DEBUG [http-nio-9999-exec-6] com.jsh.erp.datasource.mappers.DepotHeadMapperEx.getBuyAndSaleStatistics - ==> Parameters: 出库(String), 采购退货(String), 2022-04-19 00:00:00(String), 2022-04-19 13:22:38(String)
2022/04/19-13:22:38 DEBUG [http-nio-9999-exec-7] com.jsh.erp.datasource.mappers.DepotItemMapperEx.inOrOutRetailPrice - <==      Total: 1
2022/04/19-13:22:38 DEBUG [http-nio-9999-exec-6] com.jsh.erp.datasource.mappers.DepotHeadMapperEx.getBuyAndSaleStatistics - <==      Total: 1
2022/04/19-13:22:38 DEBUG [http-nio-9999-exec-6] com.jsh.erp.datasource.mappers.DepotHeadMapperEx.getBuyAndSaleStatistics - ==>  Preparing: SELECT ifnull(sum(discount_last_money), 0) FROM jsh_depot_head WHERE jsh_depot_head.tenant_id = 63 AND 1 = 1 AND type = ? AND sub_type = ? AND organ_id IS NOT NULL AND oper_time >= ? AND oper_time <= ? AND ifnull(delete_flag, '0') != '1' 
2022/04/19-13:22:38 DEBUG [http-nio-9999-exec-7] com.jsh.erp.datasource.mappers.DepotItemMapperEx.inOrOutRetailPrice - ==>  Preparing: SELECT ifnull(sum(total_price), 0) AS allMoney FROM jsh_depot_head dh WHERE dh.tenant_id = 63 AND 1 = 1 AND dh.type = ? AND dh.sub_type = ? AND dh.oper_time >= ? AND dh.oper_time <= ? AND ifnull(dh.delete_flag, '0') != '1' 
2022/04/19-13:22:38 DEBUG [http-nio-9999-exec-7] com.jsh.erp.datasource.mappers.DepotItemMapperEx.inOrOutRetailPrice - ==> Parameters: 出库(String), 零售(String), 2021-12-01 00:00:00(String), 2021-12-31 23:59:59(String)
2022/04/19-13:22:38 DEBUG [http-nio-9999-exec-7] com.jsh.erp.datasource.mappers.DepotItemMapperEx.inOrOutRetailPrice - <==      Total: 1
2022/04/19-13:22:38 DEBUG [http-nio-9999-exec-6] com.jsh.erp.datasource.mappers.DepotHeadMapperEx.getBuyAndSaleStatistics - ==> Parameters: 出库(String), 销售(String), 2022-04-19 00:00:00(String), 2022-04-19 13:22:38(String)
2022/04/19-13:22:38 DEBUG [http-nio-9999-exec-7] com.jsh.erp.datasource.mappers.DepotItemMapperEx.inOrOutRetailPrice - ==>  Preparing: SELECT ifnull(sum(total_price), 0) AS allMoney FROM jsh_depot_head dh WHERE dh.tenant_id = 63 AND 1 = 1 AND dh.type = ? AND dh.sub_type = ? AND dh.oper_time >= ? AND dh.oper_time <= ? AND ifnull(dh.delete_flag, '0') != '1' 
2022/04/19-13:22:38 DEBUG [http-nio-9999-exec-7] com.jsh.erp.datasource.mappers.DepotItemMapperEx.inOrOutRetailPrice - ==> Parameters: 入库(String), 零售退货(String), 2021-12-01 00:00:00(String), 2021-12-31 23:59:59(String)
2022/04/19-13:22:38 DEBUG [http-nio-9999-exec-7] com.jsh.erp.datasource.mappers.DepotItemMapperEx.inOrOutRetailPrice - <==      Total: 1
2022/04/19-13:22:38 DEBUG [http-nio-9999-exec-7] com.jsh.erp.datasource.mappers.DepotItemMapperEx.inOrOutRetailPrice - ==>  Preparing: SELECT ifnull(sum(total_price), 0) AS allMoney FROM jsh_depot_head dh WHERE dh.tenant_id = 63 AND 1 = 1 AND dh.type = ? AND dh.sub_type = ? AND dh.oper_time >= ? AND dh.oper_time <= ? AND ifnull(dh.delete_flag, '0') != '1' 
2022/04/19-13:22:38 DEBUG [http-nio-9999-exec-7] com.jsh.erp.datasource.mappers.DepotItemMapperEx.inOrOutRetailPrice - ==> Parameters: 出库(String), 零售(String), 2022-01-01 00:00:00(String), 2022-01-31 23:59:59(String)
2022/04/19-13:22:38 DEBUG [http-nio-9999-exec-7] com.jsh.erp.datasource.mappers.DepotItemMapperEx.inOrOutRetailPrice - <==      Total: 1
2022/04/19-13:22:38 DEBUG [http-nio-9999-exec-7] com.jsh.erp.datasource.mappers.DepotItemMapperEx.inOrOutRetailPrice - ==>  Preparing: SELECT ifnull(sum(total_price), 0) AS allMoney FROM jsh_depot_head dh WHERE dh.tenant_id = 63 AND 1 = 1 AND dh.type = ? AND dh.sub_type = ? AND dh.oper_time >= ? AND dh.oper_time <= ? AND ifnull(dh.delete_flag, '0') != '1' 
2022/04/19-13:22:38 DEBUG [http-nio-9999-exec-7] com.jsh.erp.datasource.mappers.DepotItemMapperEx.inOrOutRetailPrice - ==> Parameters: 入库(String), 零售退货(String), 2022-01-01 00:00:00(String), 2022-01-31 23:59:59(String)
2022/04/19-13:22:38 DEBUG [http-nio-9999-exec-7] com.jsh.erp.datasource.mappers.DepotItemMapperEx.inOrOutRetailPrice - <==      Total: 1
2022/04/19-13:22:38 DEBUG [http-nio-9999-exec-7] com.jsh.erp.datasource.mappers.DepotItemMapperEx.inOrOutRetailPrice - ==>  Preparing: SELECT ifnull(sum(total_price), 0) AS allMoney FROM jsh_depot_head dh WHERE dh.tenant_id = 63 AND 1 = 1 AND dh.type = ? AND dh.sub_type = ? AND dh.oper_time >= ? AND dh.oper_time <= ? AND ifnull(dh.delete_flag, '0') != '1' 
2022/04/19-13:22:38 DEBUG [http-nio-9999-exec-7] com.jsh.erp.datasource.mappers.DepotItemMapperEx.inOrOutRetailPrice - ==> Parameters: 出库(String), 零售(String), 2022-02-01 00:00:00(String), 2022-02-28 23:59:59(String)
2022/04/19-13:22:38 DEBUG [http-nio-9999-exec-7] com.jsh.erp.datasource.mappers.DepotItemMapperEx.inOrOutRetailPrice - <==      Total: 1
2022/04/19-13:22:38 DEBUG [http-nio-9999-exec-7] com.jsh.erp.datasource.mappers.DepotItemMapperEx.inOrOutRetailPrice - ==>  Preparing: SELECT ifnull(sum(total_price), 0) AS allMoney FROM jsh_depot_head dh WHERE dh.tenant_id = 63 AND 1 = 1 AND dh.type = ? AND dh.sub_type = ? AND dh.oper_time >= ? AND dh.oper_time <= ? AND ifnull(dh.delete_flag, '0') != '1' 
2022/04/19-13:22:38 DEBUG [http-nio-9999-exec-7] com.jsh.erp.datasource.mappers.DepotItemMapperEx.inOrOutRetailPrice - ==> Parameters: 入库(String), 零售退货(String), 2022-02-01 00:00:00(String), 2022-02-28 23:59:59(String)
2022/04/19-13:22:38 DEBUG [http-nio-9999-exec-7] com.jsh.erp.datasource.mappers.DepotItemMapperEx.inOrOutRetailPrice - <==      Total: 1
2022/04/19-13:22:38 DEBUG [http-nio-9999-exec-6] com.jsh.erp.datasource.mappers.DepotHeadMapperEx.getBuyAndSaleStatistics - <==      Total: 1
2022/04/19-13:22:38 DEBUG [http-nio-9999-exec-6] com.jsh.erp.datasource.mappers.DepotHeadMapperEx.getBuyAndSaleStatistics - ==>  Preparing: SELECT ifnull(sum(discount_last_money), 0) FROM jsh_depot_head WHERE jsh_depot_head.tenant_id = 63 AND 1 = 1 AND type = ? AND sub_type = ? AND organ_id IS NOT NULL AND oper_time >= ? AND oper_time <= ? AND ifnull(delete_flag, '0') != '1' 
2022/04/19-13:22:38 DEBUG [http-nio-9999-exec-5] com.jsh.erp.datasource.mappers.MsgMapperEx.selectByConditionMsg - ==> Parameters: 0(Integer), 5(Integer)
2022/04/19-13:22:38 DEBUG [http-nio-9999-exec-9] com.jsh.erp.datasource.mappers.TenantMapper.selectByExample - ==> Parameters: 63(Long)
2022/04/19-13:22:38 DEBUG [http-nio-9999-exec-7] com.jsh.erp.datasource.mappers.DepotItemMapperEx.inOrOutRetailPrice - ==>  Preparing: SELECT ifnull(sum(total_price), 0) AS allMoney FROM jsh_depot_head dh WHERE dh.tenant_id = 63 AND 1 = 1 AND dh.type = ? AND dh.sub_type = ? AND dh.oper_time >= ? AND dh.oper_time <= ? AND ifnull(dh.delete_flag, '0') != '1' 
2022/04/19-13:22:38 DEBUG [http-nio-9999-exec-8] com.jsh.erp.datasource.mappers.MsgMapper.selectByExample - ==> Parameters: 1(String), 1(String)
2022/04/19-13:22:38 DEBUG [http-nio-9999-exec-6] com.jsh.erp.datasource.mappers.DepotHeadMapperEx.getBuyAndSaleStatistics - ==> Parameters: 入库(String), 销售退货(String), 2022-04-19 00:00:00(String), 2022-04-19 13:22:38(String)
2022/04/19-13:22:38 DEBUG [http-nio-9999-exec-9] com.jsh.erp.datasource.mappers.TenantMapper.selectByExample - <==      Total: 1
2022/04/19-13:22:38 DEBUG [http-nio-9999-exec-5] com.jsh.erp.datasource.mappers.MsgMapperEx.selectByConditionMsg - <==      Total: 1
2022/04/19-13:22:38 DEBUG [http-nio-9999-exec-7] com.jsh.erp.datasource.mappers.DepotItemMapperEx.inOrOutRetailPrice - ==> Parameters: 出库(String), 零售(String), 2022-03-01 00:00:00(String), 2022-03-31 23:59:59(String)
2022/04/19-13:22:38 DEBUG [http-nio-9999-exec-8] com.jsh.erp.datasource.mappers.MsgMapper.selectByExample - <==      Total: 0
2022/04/19-13:22:38 DEBUG [http-nio-9999-exec-6] com.jsh.erp.datasource.mappers.DepotHeadMapperEx.getBuyAndSaleStatistics - <==      Total: 1
2022/04/19-13:22:38 DEBUG [http-nio-9999-exec-6] com.jsh.erp.datasource.mappers.DepotHeadMapperEx.getBuyAndSaleRetailStatistics - ==>  Preparing: SELECT ifnull(sum(total_price), 0) FROM jsh_depot_head WHERE jsh_depot_head.tenant_id = 63 AND 1 = 1 AND type = ? AND sub_type = ? AND oper_time >= ? AND oper_time <= ? AND ifnull(delete_flag, '0') != '1' 
2022/04/19-13:22:38 DEBUG [http-nio-9999-exec-7] com.jsh.erp.datasource.mappers.DepotItemMapperEx.inOrOutRetailPrice - <==      Total: 1
2022/04/19-13:22:38 DEBUG [http-nio-9999-exec-7] com.jsh.erp.datasource.mappers.DepotItemMapperEx.inOrOutRetailPrice - ==>  Preparing: SELECT ifnull(sum(total_price), 0) AS allMoney FROM jsh_depot_head dh WHERE dh.tenant_id = 63 AND 1 = 1 AND dh.type = ? AND dh.sub_type = ? AND dh.oper_time >= ? AND dh.oper_time <= ? AND ifnull(dh.delete_flag, '0') != '1' 
2022/04/19-13:22:38 DEBUG [http-nio-9999-exec-6] com.jsh.erp.datasource.mappers.DepotHeadMapperEx.getBuyAndSaleRetailStatistics - ==> Parameters: 出库(String), 零售(String), 2022-04-19 00:00:00(String), 2022-04-19 13:22:38(String)
2022/04/19-13:22:38 DEBUG [http-nio-9999-exec-6] com.jsh.erp.datasource.mappers.DepotHeadMapperEx.getBuyAndSaleRetailStatistics - <==      Total: 1
2022/04/19-13:22:38 DEBUG [http-nio-9999-exec-7] com.jsh.erp.datasource.mappers.DepotItemMapperEx.inOrOutRetailPrice - ==> Parameters: 入库(String), 零售退货(String), 2022-03-01 00:00:00(String), 2022-03-31 23:59:59(String)
2022/04/19-13:22:38 DEBUG [http-nio-9999-exec-6] com.jsh.erp.datasource.mappers.DepotHeadMapperEx.getBuyAndSaleRetailStatistics - ==>  Preparing: SELECT ifnull(sum(total_price), 0) FROM jsh_depot_head WHERE jsh_depot_head.tenant_id = 63 AND 1 = 1 AND type = ? AND sub_type = ? AND oper_time >= ? AND oper_time <= ? AND ifnull(delete_flag, '0') != '1' 
2022/04/19-13:22:38 DEBUG [http-nio-9999-exec-7] com.jsh.erp.datasource.mappers.DepotItemMapperEx.inOrOutRetailPrice - <==      Total: 1
2022/04/19-13:22:38 DEBUG [http-nio-9999-exec-5] com.jsh.erp.datasource.mappers.UserMapper.selectByPrimaryKey - ==>  Preparing: SELECT id, username, login_name, password, position, department, email, phonenum, ismanager, isystem, Status, description, remark, tenant_id FROM jsh_user WHERE jsh_user.tenant_id = 63 AND id = ? 
2022/04/19-13:22:38 DEBUG [http-nio-9999-exec-7] com.jsh.erp.datasource.mappers.DepotItemMapperEx.inOrOutRetailPrice - ==>  Preparing: SELECT ifnull(sum(total_price), 0) AS allMoney FROM jsh_depot_head dh WHERE dh.tenant_id = 63 AND 1 = 1 AND dh.type = ? AND dh.sub_type = ? AND dh.oper_time >= ? AND dh.oper_time <= ? AND ifnull(dh.delete_flag, '0') != '1' 
2022/04/19-13:22:38 DEBUG [http-nio-9999-exec-6] com.jsh.erp.datasource.mappers.DepotHeadMapperEx.getBuyAndSaleRetailStatistics - ==> Parameters: 入库(String), 零售退货(String), 2022-04-19 00:00:00(String), 2022-04-19 13:22:38(String)
2022/04/19-13:22:38 DEBUG [http-nio-9999-exec-5] com.jsh.erp.datasource.mappers.UserMapper.selectByPrimaryKey - ==> Parameters: 63(Long)
2022/04/19-13:22:38 DEBUG [http-nio-9999-exec-6] com.jsh.erp.datasource.mappers.DepotHeadMapperEx.getBuyAndSaleRetailStatistics - <==      Total: 1
2022/04/19-13:22:38 DEBUG [http-nio-9999-exec-5] com.jsh.erp.datasource.mappers.UserMapper.selectByPrimaryKey - <==      Total: 1
2022/04/19-13:22:38 DEBUG [http-nio-9999-exec-7] com.jsh.erp.datasource.mappers.DepotItemMapperEx.inOrOutRetailPrice - ==> Parameters: 出库(String), 零售(String), 2022-04-01 00:00:00(String), 2022-04-30 23:59:59(String)
2022/04/19-13:22:38 DEBUG [http-nio-9999-exec-5] com.jsh.erp.datasource.mappers.MsgMapperEx.countsByMsg - ==>  Preparing: SELECT COUNT(id) FROM jsh_msg WHERE jsh_msg.tenant_id = 63 AND 1 = 1 AND ifnull(delete_Flag, '0') != '1' 
2022/04/19-13:22:38 DEBUG [http-nio-9999-exec-7] com.jsh.erp.datasource.mappers.DepotItemMapperEx.inOrOutRetailPrice - <==      Total: 1
2022/04/19-13:22:38 DEBUG [http-nio-9999-exec-6] com.jsh.erp.datasource.mappers.DepotHeadMapperEx.getBuyAndSaleStatistics - ==>  Preparing: SELECT ifnull(sum(discount_last_money), 0) FROM jsh_depot_head WHERE jsh_depot_head.tenant_id = 63 AND 1 = 1 AND type = ? AND sub_type = ? AND organ_id IS NOT NULL AND oper_time >= ? AND oper_time <= ? AND ifnull(delete_flag, '0') != '1' 
2022/04/19-13:22:38 DEBUG [http-nio-9999-exec-7] com.jsh.erp.datasource.mappers.DepotItemMapperEx.inOrOutRetailPrice - ==>  Preparing: SELECT ifnull(sum(total_price), 0) AS allMoney FROM jsh_depot_head dh WHERE dh.tenant_id = 63 AND 1 = 1 AND dh.type = ? AND dh.sub_type = ? AND dh.oper_time >= ? AND dh.oper_time <= ? AND ifnull(dh.delete_flag, '0') != '1' 
2022/04/19-13:22:38 DEBUG [http-nio-9999-exec-5] com.jsh.erp.datasource.mappers.MsgMapperEx.countsByMsg - ==> Parameters: 
2022/04/19-13:22:38 DEBUG [http-nio-9999-exec-5] com.jsh.erp.datasource.mappers.MsgMapperEx.countsByMsg - <==      Total: 1
2022/04/19-13:22:38 DEBUG [http-nio-9999-exec-6] com.jsh.erp.datasource.mappers.DepotHeadMapperEx.getBuyAndSaleStatistics - ==> Parameters: 入库(String), 采购(String), 2022-04-01 00:00:00(String), 2022-04-19 13:22:38(String)
2022/04/19-13:22:38 DEBUG [http-nio-9999-exec-6] com.jsh.erp.datasource.mappers.DepotHeadMapperEx.getBuyAndSaleStatistics - <==      Total: 1
2022/04/19-13:22:38 DEBUG [http-nio-9999-exec-6] com.jsh.erp.datasource.mappers.DepotHeadMapperEx.getBuyAndSaleStatistics - ==>  Preparing: SELECT ifnull(sum(discount_last_money), 0) FROM jsh_depot_head WHERE jsh_depot_head.tenant_id = 63 AND 1 = 1 AND type = ? AND sub_type = ? AND organ_id IS NOT NULL AND oper_time >= ? AND oper_time <= ? AND ifnull(delete_flag, '0') != '1' 
2022/04/19-13:22:38 DEBUG [http-nio-9999-exec-6] com.jsh.erp.datasource.mappers.DepotHeadMapperEx.getBuyAndSaleStatistics - ==> Parameters: 出库(String), 采购退货(String), 2022-04-01 00:00:00(String), 2022-04-19 13:22:38(String)
2022/04/19-13:22:38 DEBUG [http-nio-9999-exec-6] com.jsh.erp.datasource.mappers.DepotHeadMapperEx.getBuyAndSaleStatistics - <==      Total: 1
2022/04/19-13:22:38 DEBUG [http-nio-9999-exec-7] com.jsh.erp.datasource.mappers.DepotItemMapperEx.inOrOutRetailPrice - ==> Parameters: 入库(String), 零售退货(String), 2022-04-01 00:00:00(String), 2022-04-30 23:59:59(String)
2022/04/19-13:22:38 DEBUG [http-nio-9999-exec-6] com.jsh.erp.datasource.mappers.DepotHeadMapperEx.getBuyAndSaleStatistics - ==>  Preparing: SELECT ifnull(sum(discount_last_money), 0) FROM jsh_depot_head WHERE jsh_depot_head.tenant_id = 63 AND 1 = 1 AND type = ? AND sub_type = ? AND organ_id IS NOT NULL AND oper_time >= ? AND oper_time <= ? AND ifnull(delete_flag, '0') != '1' 
2022/04/19-13:22:38 DEBUG [http-nio-9999-exec-7] com.jsh.erp.datasource.mappers.DepotItemMapperEx.inOrOutRetailPrice - <==      Total: 1
2022/04/19-13:22:38 DEBUG [http-nio-9999-exec-6] com.jsh.erp.datasource.mappers.DepotHeadMapperEx.getBuyAndSaleStatistics - ==> Parameters: 出库(String), 销售(String), 2022-04-01 00:00:00(String), 2022-04-19 13:22:38(String)
2022/04/19-13:22:38 DEBUG [http-nio-9999-exec-6] com.jsh.erp.datasource.mappers.DepotHeadMapperEx.getBuyAndSaleStatistics - <==      Total: 1
2022/04/19-13:22:38 DEBUG [http-nio-9999-exec-6] com.jsh.erp.datasource.mappers.DepotHeadMapperEx.getBuyAndSaleStatistics - ==>  Preparing: SELECT ifnull(sum(discount_last_money), 0) FROM jsh_depot_head WHERE jsh_depot_head.tenant_id = 63 AND 1 = 1 AND type = ? AND sub_type = ? AND organ_id IS NOT NULL AND oper_time >= ? AND oper_time <= ? AND ifnull(delete_flag, '0') != '1' 
2022/04/19-13:22:38 DEBUG [http-nio-9999-exec-6] com.jsh.erp.datasource.mappers.DepotHeadMapperEx.getBuyAndSaleStatistics - ==> Parameters: 入库(String), 销售退货(String), 2022-04-01 00:00:00(String), 2022-04-19 13:22:38(String)
2022/04/19-13:22:38 DEBUG [http-nio-9999-exec-6] com.jsh.erp.datasource.mappers.DepotHeadMapperEx.getBuyAndSaleStatistics - <==      Total: 1
2022/04/19-13:22:38 DEBUG [http-nio-9999-exec-6] com.jsh.erp.datasource.mappers.DepotHeadMapperEx.getBuyAndSaleRetailStatistics - ==>  Preparing: SELECT ifnull(sum(total_price), 0) FROM jsh_depot_head WHERE jsh_depot_head.tenant_id = 63 AND 1 = 1 AND type = ? AND sub_type = ? AND oper_time >= ? AND oper_time <= ? AND ifnull(delete_flag, '0') != '1' 
2022/04/19-13:22:38 DEBUG [http-nio-9999-exec-6] com.jsh.erp.datasource.mappers.DepotHeadMapperEx.getBuyAndSaleRetailStatistics - ==> Parameters: 出库(String), 零售(String), 2022-04-01 00:00:00(String), 2022-04-19 13:22:38(String)
2022/04/19-13:22:38 DEBUG [http-nio-9999-exec-6] com.jsh.erp.datasource.mappers.DepotHeadMapperEx.getBuyAndSaleRetailStatistics - <==      Total: 1
2022/04/19-13:22:38 DEBUG [http-nio-9999-exec-6] com.jsh.erp.datasource.mappers.DepotHeadMapperEx.getBuyAndSaleRetailStatistics - ==>  Preparing: SELECT ifnull(sum(total_price), 0) FROM jsh_depot_head WHERE jsh_depot_head.tenant_id = 63 AND 1 = 1 AND type = ? AND sub_type = ? AND oper_time >= ? AND oper_time <= ? AND ifnull(delete_flag, '0') != '1' 
2022/04/19-13:22:38 DEBUG [http-nio-9999-exec-6] com.jsh.erp.datasource.mappers.DepotHeadMapperEx.getBuyAndSaleRetailStatistics - ==> Parameters: 入库(String), 零售退货(String), 2022-04-01 00:00:00(String), 2022-04-19 13:22:38(String)
2022/04/19-13:22:38 DEBUG [http-nio-9999-exec-6] com.jsh.erp.datasource.mappers.DepotHeadMapperEx.getBuyAndSaleRetailStatistics - <==      Total: 1
2022/04/19-13:22:43 DEBUG [http-nio-9999-exec-4] com.jsh.erp.datasource.mappers.UserMapper.selectByExample - ==>  Preparing: SELECT id, username, login_name, password, position, department, email, phonenum, ismanager, isystem, Status, description, remark, tenant_id FROM jsh_user WHERE jsh_user.tenant_id = 63 AND (Status = ?) 
2022/04/19-13:22:43 DEBUG [http-nio-9999-exec-4] com.jsh.erp.datasource.mappers.UserMapper.selectByExample - ==> Parameters: 0(Byte)
2022/04/19-13:22:43 DEBUG [http-nio-9999-exec-4] com.jsh.erp.datasource.mappers.UserMapper.selectByExample - <==      Total: 2
2022/04/19-13:22:43 DEBUG [http-nio-9999-exec-2] com.jsh.erp.datasource.mappers.SupplierMapper.selectByExample - ==>  Preparing: SELECT id, supplier, contacts, phone_num, email, description, isystem, type, enabled, advance_in, begin_need_get, begin_need_pay, all_need_get, all_need_pay, fax, telephone, address, tax_num, bank_name, account_number, tax_rate, tenant_id, delete_flag FROM jsh_supplier WHERE jsh_supplier.tenant_id = 63 AND (type LIKE ? AND enabled = ? AND delete_flag <> ?) ORDER BY id DESC 
2022/04/19-13:22:43 DEBUG [http-nio-9999-exec-1] com.jsh.erp.datasource.mappers.UserMapper.selectByPrimaryKey - ==>  Preparing: SELECT id, username, login_name, password, position, department, email, phonenum, ismanager, isystem, Status, description, remark, tenant_id FROM jsh_user WHERE jsh_user.tenant_id = 63 AND id = ? 
2022/04/19-13:22:43 DEBUG [http-nio-9999-exec-3] com.jsh.erp.datasource.mappers.UserMapper.selectByPrimaryKey - ==>  Preparing: SELECT id, username, login_name, password, position, department, email, phonenum, ismanager, isystem, Status, description, remark, tenant_id FROM jsh_user WHERE jsh_user.tenant_id = 63 AND id = ? 
2022/04/19-13:22:43 DEBUG [http-nio-9999-exec-1] com.jsh.erp.datasource.mappers.UserMapper.selectByPrimaryKey - ==> Parameters: 63(Long)
2022/04/19-13:22:43 DEBUG [http-nio-9999-exec-1] com.jsh.erp.datasource.mappers.UserMapper.selectByPrimaryKey - <==      Total: 1
2022/04/19-13:22:43 DEBUG [http-nio-9999-exec-3] com.jsh.erp.datasource.mappers.UserMapper.selectByPrimaryKey - ==> Parameters: 63(Long)
2022/04/19-13:22:43 DEBUG [http-nio-9999-exec-3] com.jsh.erp.datasource.mappers.UserMapper.selectByPrimaryKey - <==      Total: 1
2022/04/19-13:22:43 DEBUG [http-nio-9999-exec-1] com.jsh.erp.datasource.mappers.DepotMapper.selectByExample - ==>  Preparing: SELECT id, name, address, warehousing, truckage, type, sort, remark, principal, tenant_id, delete_Flag, is_default FROM jsh_depot WHERE jsh_depot.tenant_id = 63 AND (type = ? AND delete_Flag <> ?) ORDER BY sort 
2022/04/19-13:22:43 DEBUG [http-nio-9999-exec-3] com.jsh.erp.datasource.mappers.DepotMapper.selectByExample - ==>  Preparing: SELECT id, name, address, warehousing, truckage, type, sort, remark, principal, tenant_id, delete_Flag, is_default FROM jsh_depot WHERE jsh_depot.tenant_id = 63 AND (type = ? AND delete_Flag <> ?) ORDER BY sort 
2022/04/19-13:22:43 DEBUG [http-nio-9999-exec-2] com.jsh.erp.datasource.mappers.SupplierMapper.selectByExample - ==> Parameters: 供应商(String), true(Boolean), 1(String)
2022/04/19-13:22:43 DEBUG [http-nio-9999-exec-2] com.jsh.erp.datasource.mappers.SupplierMapper.selectByExample - <==      Total: 3
2022/04/19-13:22:44 DEBUG [http-nio-9999-exec-1] com.jsh.erp.datasource.mappers.DepotMapper.selectByExample - ==> Parameters: 0(Integer), 1(String)
2022/04/19-13:22:44 DEBUG [http-nio-9999-exec-1] com.jsh.erp.datasource.mappers.DepotMapper.selectByExample - <==      Total: 3
2022/04/19-13:22:44 DEBUG [http-nio-9999-exec-3] com.jsh.erp.datasource.mappers.DepotMapper.selectByExample - ==> Parameters: 0(Integer), 1(String)
2022/04/19-13:22:44 DEBUG [http-nio-9999-exec-3] com.jsh.erp.datasource.mappers.DepotMapper.selectByExample - <==      Total: 3
2022/04/19-13:22:44 DEBUG [http-nio-9999-exec-3] com.jsh.erp.datasource.mappers.SystemConfigMapper.selectByExample - ==>  Preparing: SELECT id, company_name, company_contacts, company_address, company_tel, company_fax, company_post_code, depot_flag, customer_flag, minus_stock_flag, tenant_id, delete_flag FROM jsh_system_config WHERE jsh_system_config.tenant_id = 63 AND (delete_flag <> ?) 
2022/04/19-13:22:44 DEBUG [http-nio-9999-exec-1] com.jsh.erp.datasource.mappers.SystemConfigMapper.selectByExample - ==>  Preparing: SELECT id, company_name, company_contacts, company_address, company_tel, company_fax, company_post_code, depot_flag, customer_flag, minus_stock_flag, tenant_id, delete_flag FROM jsh_system_config WHERE jsh_system_config.tenant_id = 63 AND (delete_flag <> ?) 
2022/04/19-13:22:44 DEBUG [http-nio-9999-exec-3] com.jsh.erp.datasource.mappers.SystemConfigMapper.selectByExample - ==> Parameters: 1(String)
2022/04/19-13:22:44 DEBUG [http-nio-9999-exec-1] com.jsh.erp.datasource.mappers.SystemConfigMapper.selectByExample - ==> Parameters: 1(String)
2022/04/19-13:22:44 DEBUG [http-nio-9999-exec-1] com.jsh.erp.datasource.mappers.SystemConfigMapper.selectByExample - <==      Total: 1
2022/04/19-13:22:44 DEBUG [http-nio-9999-exec-3] com.jsh.erp.datasource.mappers.SystemConfigMapper.selectByExample - <==      Total: 1
2022/04/19-13:22:44 DEBUG [http-nio-9999-exec-1] com.jsh.erp.datasource.mappers.UserMapper.selectByPrimaryKey - ==>  Preparing: SELECT id, username, login_name, password, position, department, email, phonenum, ismanager, isystem, Status, description, remark, tenant_id FROM jsh_user WHERE jsh_user.tenant_id = 63 AND id = ? 
2022/04/19-13:22:44 DEBUG [http-nio-9999-exec-1] com.jsh.erp.datasource.mappers.UserMapper.selectByPrimaryKey - ==> Parameters: 63(Long)
2022/04/19-13:22:44 DEBUG [http-nio-9999-exec-1] com.jsh.erp.datasource.mappers.UserMapper.selectByPrimaryKey - <==      Total: 1
2022/04/19-13:22:44 DEBUG [http-nio-9999-exec-1] com.jsh.erp.datasource.mappers.PersonMapper.selectByExample - ==>  Preparing: SELECT id, type, name, tenant_id, delete_flag FROM jsh_person WHERE jsh_person.tenant_id = 63 AND (delete_flag <> ?) 
2022/04/19-13:22:44 DEBUG [http-nio-9999-exec-1] com.jsh.erp.datasource.mappers.PersonMapper.selectByExample - ==> Parameters: 1(String)
2022/04/19-13:22:44 DEBUG [http-nio-9999-exec-1] com.jsh.erp.datasource.mappers.PersonMapper.selectByExample - <==      Total: 4
2022/04/19-13:22:44 DEBUG [http-nio-9999-exec-1] com.jsh.erp.datasource.mappers.AccountMapper.selectByExample - ==>  Preparing: SELECT id, name, serial_no, initial_amount, current_amount, remark, is_default, tenant_id, delete_flag FROM jsh_account WHERE jsh_account.tenant_id = 63 AND (delete_flag <> ?) 
2022/04/19-13:22:44 DEBUG [http-nio-9999-exec-1] com.jsh.erp.datasource.mappers.AccountMapper.selectByExample - ==> Parameters: 1(String)
2022/04/19-13:22:44 DEBUG [http-nio-9999-exec-1] com.jsh.erp.datasource.mappers.AccountMapper.selectByExample - <==      Total: 2
2022/04/19-13:22:44 DEBUG [http-nio-9999-exec-1] com.jsh.erp.datasource.mappers.DepotHeadMapperEx.selectByConditionDepotHead - ==>  Preparing: SELECT DISTINCT dh.*, s.supplier OrganName, u.username userName, a.name AccountName FROM jsh_depot_head dh LEFT JOIN jsh_supplier s ON s.tenant_id = 63 AND dh.organ_id = s.id AND ifnull(s.delete_Flag, '0') != '1' LEFT JOIN jsh_user u ON u.tenant_id = 63 AND dh.creator = u.id AND ifnull(u.Status, '0') != '1' LEFT JOIN jsh_account a ON a.tenant_id = 63 AND dh.account_id = a.id AND ifnull(a.delete_Flag, '0') != '1' LEFT JOIN jsh_depot_item di ON di.tenant_id = 63 AND dh.id = di.header_id AND ifnull(di.delete_flag, '0') != '1' LEFT JOIN jsh_material m ON m.tenant_id = 63 AND di.material_id = m.id AND ifnull(m.delete_flag, '0') != '1' LEFT JOIN jsh_material_extend me ON me.tenant_id = 63 AND di.material_extend_id = me.id AND ifnull(me.delete_flag, '0') != '1' WHERE dh.tenant_id = 63 AND 1 = 1 AND dh.type = ? AND dh.sub_type = ? AND di.depot_id IN (?, ?, ?) AND ifnull(dh.delete_flag, '0') != '1' ORDER BY dh.id DESC LIMIT ?, ? 
2022/04/19-13:22:44 DEBUG [http-nio-9999-exec-1] com.jsh.erp.datasource.mappers.DepotHeadMapperEx.selectByConditionDepotHead - ==> Parameters: 入库(String), 采购(String), 14(String), 15(String), 17(String), 0(Integer), 10(Integer)
2022/04/19-13:22:44 DEBUG [http-nio-9999-exec-1] com.jsh.erp.datasource.mappers.DepotHeadMapperEx.selectByConditionDepotHead - <==      Total: 2
2022/04/19-13:22:44 DEBUG [http-nio-9999-exec-1] com.jsh.erp.datasource.mappers.DepotHeadMapperEx.findMaterialsListByHeaderId - ==>  Preparing: SELECT GROUP_CONCAT(concat(jsh_material.name, ' ', ifnull(jsh_material.standard, ''), ' ', ifnull(jsh_material.model, ''))) AS mName FROM jsh_depot_item LEFT JOIN jsh_material ON jsh_material.tenant_id = 63 AND jsh_depot_item.material_id = jsh_material.Id AND ifnull(jsh_material.delete_Flag, '0') != '1' WHERE jsh_depot_item.tenant_id = 63 AND jsh_depot_item.header_id = ? AND ifnull(jsh_depot_item.delete_flag, '0') != '1' 
2022/04/19-13:22:44 DEBUG [http-nio-9999-exec-1] com.jsh.erp.datasource.mappers.DepotHeadMapperEx.findMaterialsListByHeaderId - ==> Parameters: 316(Long)
2022/04/19-13:22:45 DEBUG [http-nio-9999-exec-1] com.jsh.erp.datasource.mappers.DepotHeadMapperEx.findMaterialsListByHeaderId - <==      Total: 1
2022/04/19-13:22:45 DEBUG [http-nio-9999-exec-1] com.jsh.erp.datasource.mappers.DepotHeadMapperEx.findMaterialsListByHeaderId - ==>  Preparing: SELECT GROUP_CONCAT(concat(jsh_material.name, ' ', ifnull(jsh_material.standard, ''), ' ', ifnull(jsh_material.model, ''))) AS mName FROM jsh_depot_item LEFT JOIN jsh_material ON jsh_material.tenant_id = 63 AND jsh_depot_item.material_id = jsh_material.Id AND ifnull(jsh_material.delete_Flag, '0') != '1' WHERE jsh_depot_item.tenant_id = 63 AND jsh_depot_item.header_id = ? AND ifnull(jsh_depot_item.delete_flag, '0') != '1' 
2022/04/19-13:22:45 DEBUG [http-nio-9999-exec-1] com.jsh.erp.datasource.mappers.DepotHeadMapperEx.findMaterialsListByHeaderId - ==> Parameters: 313(Long)
2022/04/19-13:22:45 DEBUG [http-nio-9999-exec-1] com.jsh.erp.datasource.mappers.DepotHeadMapperEx.findMaterialsListByHeaderId - <==      Total: 1
2022/04/19-13:22:45 DEBUG [http-nio-9999-exec-1] com.jsh.erp.datasource.mappers.UserMapper.selectByPrimaryKey - ==>  Preparing: SELECT id, username, login_name, password, position, department, email, phonenum, ismanager, isystem, Status, description, remark, tenant_id FROM jsh_user WHERE jsh_user.tenant_id = 63 AND id = ? 
2022/04/19-13:22:45 DEBUG [http-nio-9999-exec-1] com.jsh.erp.datasource.mappers.UserMapper.selectByPrimaryKey - ==> Parameters: 63(Long)
2022/04/19-13:22:45 DEBUG [http-nio-9999-exec-1] com.jsh.erp.datasource.mappers.UserMapper.selectByPrimaryKey - <==      Total: 1
2022/04/19-13:22:45 DEBUG [http-nio-9999-exec-1] com.jsh.erp.datasource.mappers.DepotMapper.selectByExample - ==>  Preparing: SELECT id, name, address, warehousing, truckage, type, sort, remark, principal, tenant_id, delete_Flag, is_default FROM jsh_depot WHERE jsh_depot.tenant_id = 63 AND (type = ? AND delete_Flag <> ?) ORDER BY sort 
2022/04/19-13:22:45 DEBUG [http-nio-9999-exec-1] com.jsh.erp.datasource.mappers.DepotMapper.selectByExample - ==> Parameters: 0(Integer), 1(String)
2022/04/19-13:22:45 DEBUG [http-nio-9999-exec-1] com.jsh.erp.datasource.mappers.DepotMapper.selectByExample - <==      Total: 3
2022/04/19-13:22:45 DEBUG [http-nio-9999-exec-1] com.jsh.erp.datasource.mappers.SystemConfigMapper.selectByExample - ==>  Preparing: SELECT id, company_name, company_contacts, company_address, company_tel, company_fax, company_post_code, depot_flag, customer_flag, minus_stock_flag, tenant_id, delete_flag FROM jsh_system_config WHERE jsh_system_config.tenant_id = 63 AND (delete_flag <> ?) 
2022/04/19-13:22:45 DEBUG [http-nio-9999-exec-1] com.jsh.erp.datasource.mappers.SystemConfigMapper.selectByExample - ==> Parameters: 1(String)
2022/04/19-13:22:45 DEBUG [http-nio-9999-exec-1] com.jsh.erp.datasource.mappers.SystemConfigMapper.selectByExample - <==      Total: 1
2022/04/19-13:22:45 DEBUG [http-nio-9999-exec-1] com.jsh.erp.datasource.mappers.UserMapper.selectByPrimaryKey - ==>  Preparing: SELECT id, username, login_name, password, position, department, email, phonenum, ismanager, isystem, Status, description, remark, tenant_id FROM jsh_user WHERE jsh_user.tenant_id = 63 AND id = ? 
2022/04/19-13:22:45 DEBUG [http-nio-9999-exec-1] com.jsh.erp.datasource.mappers.UserMapper.selectByPrimaryKey - ==> Parameters: 63(Long)
2022/04/19-13:22:45 DEBUG [http-nio-9999-exec-1] com.jsh.erp.datasource.mappers.UserMapper.selectByPrimaryKey - <==      Total: 1
2022/04/19-13:22:45 DEBUG [http-nio-9999-exec-1] com.jsh.erp.datasource.mappers.DepotHeadMapperEx.countsByDepotHead - ==>  Preparing: SELECT COUNT(1) FROM (SELECT DISTINCT dh.* FROM jsh_depot_head dh LEFT JOIN jsh_depot_item di ON di.tenant_id = 63 AND dh.Id = di.header_id AND ifnull(di.delete_flag, '0') != '1' LEFT JOIN jsh_material m ON m.tenant_id = 63 AND di.material_id = m.Id AND ifnull(m.delete_Flag, '0') != '1' LEFT JOIN jsh_material_extend me ON me.tenant_id = 63 AND di.material_extend_id = me.id AND ifnull(me.delete_flag, '0') != '1' WHERE dh.tenant_id = 63 AND 1 = 1 AND dh.type = ? AND dh.sub_type = ? AND di.depot_id IN (?, ?, ?) AND ifnull(dh.delete_Flag, '0') != '1') tb 
2022/04/19-13:22:45 DEBUG [http-nio-9999-exec-1] com.jsh.erp.datasource.mappers.DepotHeadMapperEx.countsByDepotHead - ==> Parameters: 入库(String), 采购(String), 14(String), 15(String), 17(String)
2022/04/19-13:22:45 DEBUG [http-nio-9999-exec-1] com.jsh.erp.datasource.mappers.DepotHeadMapperEx.countsByDepotHead - <==      Total: 1
